{"/home/hechang27/Documents/sprt/uni-admin/server/auth/errors.ts": {"path":"/home/hechang27/Documents/sprt/uni-admin/server/auth/errors.ts","statementMap":{"0":{"start":{"line":31,"column":4},"end":{"line":31,"column":null}},"1":{"start":{"line":32,"column":4},"end":{"line":32,"column":null}},"2":{"start":{"line":33,"column":4},"end":{"line":33,"column":null}},"3":{"start":{"line":34,"column":4},"end":{"line":34,"column":null}},"4":{"start":{"line":39,"column":2},"end":{"line":39,"column":null}}},"fnMap":{"0":{"name":"(anonymous_0)","decl":{"start":{"line":26,"column":2},"end":{"line":26,"column":null}},"loc":{"start":{"line":30,"column":4},"end":{"line":35,"column":null}},"line":30},"1":{"name":"isAuthRbacError","decl":{"start":{"line":38,"column":16},"end":{"line":38,"column":32}},"loc":{"start":{"line":38,"column":72},"end":{"line":40,"column":null}},"line":38}},"branchMap":{"0":{"loc":{"start":{"line":29,"column":4},"end":{"line":29,"column":null}},"type":"default-arg","locations":[{"start":{"line":29,"column":36},"end":{"line":29,"column":null}}],"line":29}},"s":{"0":5,"1":5,"2":5,"3":5,"4":0},"f":{"0":5,"1":0},"b":{"0":[5]},"meta":{"lastBranch":1,"lastFunction":2,"lastStatement":5,"seen":{"f:26:2:26:Infinity":0,"b:29:36:29:Infinity":0,"s:31:4:31:Infinity":0,"s:32:4:32:Infinity":1,"s:33:4:33:Infinity":2,"s:34:4:34:Infinity":3,"f:38:16:38:32":1,"s:39:2:39:Infinity":4}}}
,"/home/hechang27/Documents/sprt/uni-admin/server/auth/index.ts": {"path":"/home/hechang27/Documents/sprt/uni-admin/server/auth/index.ts","statementMap":{},"fnMap":{},"branchMap":{},"s":{},"f":{},"b":{},"meta":{"lastBranch":0,"lastFunction":0,"lastStatement":0,"seen":{}}}
,"/home/hechang27/Documents/sprt/uni-admin/server/auth/password.ts": {"path":"/home/hechang27/Documents/sprt/uni-admin/server/auth/password.ts","statementMap":{"0":{"start":{"line":4,"column":6},"end":{"line":4,"column":null}},"1":{"start":{"line":5,"column":18},"end":{"line":5,"column":null}},"2":{"start":{"line":6,"column":19},"end":{"line":6,"column":null}},"3":{"start":{"line":7,"column":18},"end":{"line":7,"column":null}},"4":{"start":{"line":8,"column":19},"end":{"line":8,"column":null}},"5":{"start":{"line":11,"column":8},"end":{"line":11,"column":null}},"6":{"start":{"line":12,"column":21},"end":{"line":18,"column":null}},"7":{"start":{"line":20,"column":2},"end":{"line":25,"column":null}},"8":{"start":{"line":33,"column":4},"end":{"line":33,"column":null}},"9":{"start":{"line":35,"column":2},"end":{"line":42,"column":null}},"10":{"start":{"line":41,"column":4},"end":{"line":41,"column":null}},"11":{"start":{"line":44,"column":27},"end":{"line":44,"column":null}},"12":{"start":{"line":45,"column":2},"end":{"line":47,"column":null}},"13":{"start":{"line":46,"column":4},"end":{"line":46,"column":null}},"14":{"start":{"line":49,"column":19},"end":{"line":49,"column":null}},"15":{"start":{"line":50,"column":17},"end":{"line":56,"column":null}},"16":{"start":{"line":58,"column":2},"end":{"line":58,"column":null}}},"fnMap":{"0":{"name":"hashPassword","decl":{"start":{"line":10,"column":22},"end":{"line":10,"column":35}},"loc":{"start":{"line":10,"column":70},"end":{"line":26,"column":null}},"line":10},"1":{"name":"verifyPassword","decl":{"start":{"line":28,"column":22},"end":{"line":28,"column":null}},"loc":{"start":{"line":31,"column":20},"end":{"line":59,"column":null}},"line":31}},"branchMap":{"0":{"loc":{"start":{"line":35,"column":2},"end":{"line":42,"column":null}},"type":"if","locations":[{"start":{"line":35,"column":2},"end":{"line":42,"column":null}},{"start":{},"end":{}}],"line":35},"1":{"loc":{"start":{"line":36,"column":4},"end":{"line":39,"column":null}},"type":"binary-expr","locations":[{"start":{"line":36,"column":4},"end":{"line":36,"column":null}},{"start":{"line":37,"column":4},"end":{"line":37,"column":null}},{"start":{"line":38,"column":4},"end":{"line":38,"column":null}},{"start":{"line":39,"column":4},"end":{"line":39,"column":null}}],"line":36},"2":{"loc":{"start":{"line":45,"column":2},"end":{"line":47,"column":null}},"type":"if","locations":[{"start":{"line":45,"column":2},"end":{"line":47,"column":null}},{"start":{},"end":{}}],"line":45},"3":{"loc":{"start":{"line":45,"column":6},"end":{"line":45,"column":67}},"type":"binary-expr","locations":[{"start":{"line":45,"column":6},"end":{"line":45,"column":45}},{"start":{"line":45,"column":45},"end":{"line":45,"column":67}}],"line":45},"4":{"loc":{"start":{"line":58,"column":9},"end":{"line":58,"column":null}},"type":"binary-expr","locations":[{"start":{"line":58,"column":9},"end":{"line":58,"column":46}},{"start":{"line":58,"column":36},"end":{"line":58,"column":null}}],"line":58}},"s":{"0":1,"1":1,"2":1,"3":1,"4":1,"5":2,"6":2,"7":2,"8":2,"9":2,"10":0,"11":2,"12":2,"13":0,"14":2,"15":2,"16":2},"f":{"0":2,"1":2},"b":{"0":[0,2],"1":[2,2,2,2],"2":[0,2],"3":[2,2],"4":[2,2]},"meta":{"lastBranch":5,"lastFunction":2,"lastStatement":17,"seen":{"s:4:6:4:Infinity":0,"s:5:18:5:Infinity":1,"s:6:19:6:Infinity":2,"s:7:18:7:Infinity":3,"s:8:19:8:Infinity":4,"f:10:22:10:35":0,"s:11:8:11:Infinity":5,"s:12:21:18:Infinity":6,"s:20:2:25:Infinity":7,"f:28:22:28:Infinity":1,"s:33:4:33:Infinity":8,"b:35:2:42:Infinity:undefined:undefined:undefined:undefined":0,"s:35:2:42:Infinity":9,"b:36:4:36:Infinity:37:4:37:Infinity:38:4:38:Infinity:39:4:39:Infinity":1,"s:41:4:41:Infinity":10,"s:44:27:44:Infinity":11,"b:45:2:47:Infinity:undefined:undefined:undefined:undefined":2,"s:45:2:47:Infinity":12,"b:45:6:45:45:45:45:45:67":3,"s:46:4:46:Infinity":13,"s:49:19:49:Infinity":14,"s:50:17:56:Infinity":15,"s:58:2:58:Infinity":16,"b:58:9:58:46:58:36:58:Infinity":4}}}
,"/home/hechang27/Documents/sprt/uni-admin/server/auth/repository.ts": {"path":"/home/hechang27/Documents/sprt/uni-admin/server/auth/repository.ts","statementMap":{"0":{"start":{"line":26,"column":34},"end":{"line":26,"column":null}},"1":{"start":{"line":113,"column":31},"end":{"line":113,"column":57}},"2":{"start":{"line":116,"column":16},"end":{"line":120,"column":null}},"3":{"start":{"line":121,"column":4},"end":{"line":121,"column":null}},"4":{"start":{"line":125,"column":16},"end":{"line":129,"column":null}},"5":{"start":{"line":130,"column":4},"end":{"line":130,"column":null}},"6":{"start":{"line":138,"column":16},"end":{"line":138,"column":null}},"7":{"start":{"line":139,"column":16},"end":{"line":150,"column":null}},"8":{"start":{"line":143,"column":8},"end":{"line":147,"column":null}},"9":{"start":{"line":151,"column":4},"end":{"line":151,"column":null}},"10":{"start":{"line":157,"column":16},"end":{"line":161,"column":null}},"11":{"start":{"line":162,"column":4},"end":{"line":162,"column":null}},"12":{"start":{"line":169,"column":16},"end":{"line":169,"column":null}},"13":{"start":{"line":170,"column":16},"end":{"line":180,"column":null}},"14":{"start":{"line":174,"column":8},"end":{"line":177,"column":null}},"15":{"start":{"line":181,"column":4},"end":{"line":181,"column":null}},"16":{"start":{"line":188,"column":16},"end":{"line":193,"column":null}},"17":{"start":{"line":194,"column":4},"end":{"line":194,"column":null}},"18":{"start":{"line":198,"column":21},"end":{"line":198,"column":null}},"19":{"start":{"line":199,"column":4},"end":{"line":201,"column":null}},"20":{"start":{"line":200,"column":6},"end":{"line":200,"column":null}},"21":{"start":{"line":203,"column":4},"end":{"line":238,"column":null}},"22":{"start":{"line":204,"column":23},"end":{"line":215,"column":null}},"23":{"start":{"line":213,"column":34},"end":{"line":213,"column":54}},"24":{"start":{"line":216,"column":20},"end":{"line":218,"column":null}},"25":{"start":{"line":219,"column":6},"end":{"line":225,"column":null}},"26":{"start":{"line":220,"column":8},"end":{"line":224,"column":null}},"27":{"start":{"line":227,"column":6},"end":{"line":236,"column":null}},"28":{"start":{"line":235,"column":34},"end":{"line":235,"column":54}},"29":{"start":{"line":237,"column":6},"end":{"line":237,"column":null}},"30":{"start":{"line":245,"column":16},"end":{"line":250,"column":null}},"31":{"start":{"line":251,"column":4},"end":{"line":251,"column":null}},"32":{"start":{"line":261,"column":16},"end":{"line":311,"column":null}},"33":{"start":{"line":263,"column":8},"end":{"line":267,"column":null}},"34":{"start":{"line":270,"column":8},"end":{"line":282,"column":null}},"35":{"start":{"line":274,"column":12},"end":{"line":280,"column":null}},"36":{"start":{"line":285,"column":8},"end":{"line":307,"column":null}},"37":{"start":{"line":289,"column":12},"end":{"line":305,"column":null}},"38":{"start":{"line":313,"column":4},"end":{"line":318,"column":null}},"39":{"start":{"line":314,"column":6},"end":{"line":317,"column":null}},"40":{"start":{"line":319,"column":4},"end":{"line":319,"column":null}},"41":{"start":{"line":327,"column":16},"end":{"line":327,"column":null}},"42":{"start":{"line":328,"column":16},"end":{"line":343,"column":null}},"43":{"start":{"line":337,"column":8},"end":{"line":340,"column":null}},"44":{"start":{"line":344,"column":4},"end":{"line":344,"column":null}},"45":{"start":{"line":351,"column":16},"end":{"line":356,"column":null}},"46":{"start":{"line":357,"column":4},"end":{"line":357,"column":null}},"47":{"start":{"line":364,"column":16},"end":{"line":369,"column":null}},"48":{"start":{"line":370,"column":4},"end":{"line":370,"column":null}},"49":{"start":{"line":376,"column":4},"end":{"line":378,"column":null}},"50":{"start":{"line":377,"column":6},"end":{"line":377,"column":null}},"51":{"start":{"line":379,"column":16},"end":{"line":379,"column":null}},"52":{"start":{"line":380,"column":17},"end":{"line":398,"column":null}},"53":{"start":{"line":383,"column":35},"end":{"line":388,"column":10}},"54":{"start":{"line":391,"column":8},"end":{"line":395,"column":null}},"55":{"start":{"line":399,"column":4},"end":{"line":399,"column":null}},"56":{"start":{"line":399,"column":29},"end":{"line":399,"column":47}},"57":{"start":{"line":407,"column":4},"end":{"line":409,"column":null}},"58":{"start":{"line":408,"column":6},"end":{"line":408,"column":null}},"59":{"start":{"line":410,"column":4},"end":{"line":417,"column":null}},"60":{"start":{"line":416,"column":6},"end":{"line":416,"column":null}},"61":{"start":{"line":419,"column":20},"end":{"line":468,"column":null}},"62":{"start":{"line":421,"column":17},"end":{"line":421,"column":null}},"63":{"start":{"line":423,"column":10},"end":{"line":438,"column":null}},"64":{"start":{"line":425,"column":14},"end":{"line":434,"column":null}},"65":{"start":{"line":441,"column":8},"end":{"line":462,"column":null}},"66":{"start":{"line":445,"column":12},"end":{"line":459,"column":null}},"67":{"start":{"line":461,"column":36},"end":{"line":461,"column":56}},"68":{"start":{"line":470,"column":4},"end":{"line":476,"column":null}},"69":{"start":{"line":471,"column":6},"end":{"line":475,"column":null}},"70":{"start":{"line":487,"column":4},"end":{"line":489,"column":null}},"71":{"start":{"line":488,"column":6},"end":{"line":488,"column":null}},"72":{"start":{"line":494,"column":36},"end":{"line":494,"column":null}},"73":{"start":{"line":496,"column":20},"end":{"line":570,"column":null}},"74":{"start":{"line":498,"column":17},"end":{"line":498,"column":null}},"75":{"start":{"line":500,"column":10},"end":{"line":538,"column":null}},"76":{"start":{"line":502,"column":14},"end":{"line":508,"column":null}},"77":{"start":{"line":511,"column":14},"end":{"line":514,"column":null}},"78":{"start":{"line":517,"column":14},"end":{"line":519,"column":null}},"79":{"start":{"line":522,"column":14},"end":{"line":524,"column":null}},"80":{"start":{"line":527,"column":32},"end":{"line":538,"column":13}},"81":{"start":{"line":541,"column":8},"end":{"line":563,"column":null}},"82":{"start":{"line":545,"column":12},"end":{"line":560,"column":null}},"83":{"start":{"line":546,"column":29},"end":{"line":551,"column":15}},"84":{"start":{"line":553,"column":16},"end":{"line":559,"column":null}},"85":{"start":{"line":562,"column":30},"end":{"line":562,"column":44}},"86":{"start":{"line":572,"column":4},"end":{"line":592,"column":null}},"87":{"start":{"line":574,"column":8},"end":{"line":578,"column":null}},"88":{"start":{"line":581,"column":8},"end":{"line":584,"column":null}},"89":{"start":{"line":587,"column":8},"end":{"line":590,"column":null}},"90":{"start":{"line":601,"column":19},"end":{"line":653,"column":null}},"91":{"start":{"line":612,"column":8},"end":{"line":650,"column":null}},"92":{"start":{"line":616,"column":16},"end":{"line":618,"column":null}},"93":{"start":{"line":621,"column":16},"end":{"line":631,"column":null}},"94":{"start":{"line":639,"column":16},"end":{"line":641,"column":null}},"95":{"start":{"line":654,"column":4},"end":{"line":654,"column":null}},"96":{"start":{"line":662,"column":4},"end":{"line":664,"column":null}},"97":{"start":{"line":663,"column":6},"end":{"line":663,"column":null}},"98":{"start":{"line":665,"column":22},"end":{"line":667,"column":null}},"99":{"start":{"line":665,"column":51},"end":{"line":665,"column":79}},"100":{"start":{"line":668,"column":24},"end":{"line":668,"column":null}},"101":{"start":{"line":670,"column":38},"end":{"line":670,"column":null}},"102":{"start":{"line":673,"column":26},"end":{"line":722,"column":null}},"103":{"start":{"line":675,"column":8},"end":{"line":685,"column":null}},"104":{"start":{"line":680,"column":35},"end":{"line":684,"column":11}},"105":{"start":{"line":687,"column":47},"end":{"line":720,"column":7}},"106":{"start":{"line":691,"column":14},"end":{"line":693,"column":null}},"107":{"start":{"line":696,"column":14},"end":{"line":702,"column":null}},"108":{"start":{"line":710,"column":14},"end":{"line":712,"column":null}},"109":{"start":{"line":724,"column":4},"end":{"line":724,"column":null}},"110":{"start":{"line":724,"column":41},"end":{"line":724,"column":74}},"111":{"start":{"line":732,"column":17},"end":{"line":760,"column":null}},"112":{"start":{"line":735,"column":8},"end":{"line":737,"column":null}},"113":{"start":{"line":740,"column":8},"end":{"line":742,"column":null}},"114":{"start":{"line":750,"column":8},"end":{"line":752,"column":null}},"115":{"start":{"line":761,"column":4},"end":{"line":761,"column":null}},"116":{"start":{"line":761,"column":29},"end":{"line":761,"column":40}},"117":{"start":{"line":769,"column":17},"end":{"line":807,"column":null}},"118":{"start":{"line":772,"column":8},"end":{"line":774,"column":null}},"119":{"start":{"line":777,"column":8},"end":{"line":779,"column":null}},"120":{"start":{"line":787,"column":8},"end":{"line":789,"column":null}},"121":{"start":{"line":792,"column":8},"end":{"line":794,"column":null}},"122":{"start":{"line":808,"column":4},"end":{"line":808,"column":null}},"123":{"start":{"line":808,"column":29},"end":{"line":808,"column":40}},"124":{"start":{"line":815,"column":16},"end":{"line":820,"column":null}},"125":{"start":{"line":821,"column":4},"end":{"line":821,"column":null}},"126":{"start":{"line":827,"column":2},"end":{"line":831,"column":null}},"127":{"start":{"line":837,"column":2},"end":{"line":841,"column":null}},"128":{"start":{"line":847,"column":2},"end":{"line":851,"column":null}},"129":{"start":{"line":855,"column":2},"end":{"line":859,"column":null}},"130":{"start":{"line":863,"column":2},"end":{"line":867,"column":null}},"131":{"start":{"line":871,"column":2},"end":{"line":875,"column":null}},"132":{"start":{"line":879,"column":2},"end":{"line":879,"column":null}}},"fnMap":{"0":{"name":"(anonymous_0)","decl":{"start":{"line":113,"column":2},"end":{"line":113,"column":31}},"loc":{"start":{"line":113,"column":57},"end":{"line":113,"column":null}},"line":113},"1":{"name":"(anonymous_1)","decl":{"start":{"line":115,"column":8},"end":{"line":115,"column":19}},"loc":{"start":{"line":115,"column":78},"end":{"line":122,"column":null}},"line":115},"2":{"name":"(anonymous_2)","decl":{"start":{"line":124,"column":8},"end":{"line":124,"column":16}},"loc":{"start":{"line":124,"column":58},"end":{"line":131,"column":null}},"line":124},"3":{"name":"(anonymous_3)","decl":{"start":{"line":133,"column":8},"end":{"line":133,"column":30}},"loc":{"start":{"line":137,"column":42},"end":{"line":152,"column":null}},"line":137},"4":{"name":"(anonymous_4)","decl":{"start":{"line":142,"column":18},"end":{"line":142,"column":19}},"loc":{"start":{"line":143,"column":8},"end":{"line":147,"column":null}},"line":143},"5":{"name":"(anonymous_5)","decl":{"start":{"line":154,"column":8},"end":{"line":154,"column":null}},"loc":{"start":{"line":156,"column":48},"end":{"line":163,"column":null}},"line":156},"6":{"name":"(anonymous_6)","decl":{"start":{"line":165,"column":8},"end":{"line":165,"column":31}},"loc":{"start":{"line":168,"column":32},"end":{"line":182,"column":null}},"line":168},"7":{"name":"(anonymous_7)","decl":{"start":{"line":173,"column":18},"end":{"line":173,"column":19}},"loc":{"start":{"line":174,"column":8},"end":{"line":177,"column":null}},"line":174},"8":{"name":"(anonymous_8)","decl":{"start":{"line":184,"column":8},"end":{"line":184,"column":29}},"loc":{"start":{"line":187,"column":39},"end":{"line":195,"column":null}},"line":187},"9":{"name":"(anonymous_9)","decl":{"start":{"line":197,"column":8},"end":{"line":197,"column":30}},"loc":{"start":{"line":197,"column":68},"end":{"line":239,"column":null}},"line":197},"10":{"name":"(anonymous_10)","decl":{"start":{"line":203,"column":47},"end":{"line":203,"column":54}},"loc":{"start":{"line":203,"column":61},"end":{"line":238,"column":5}},"line":203},"11":{"name":"(anonymous_11)","decl":{"start":{"line":213,"column":20},"end":{"line":213,"column":21}},"loc":{"start":{"line":213,"column":34},"end":{"line":213,"column":54}},"line":213},"12":{"name":"(anonymous_12)","decl":{"start":{"line":235,"column":20},"end":{"line":235,"column":21}},"loc":{"start":{"line":235,"column":34},"end":{"line":235,"column":54}},"line":235},"13":{"name":"(anonymous_13)","decl":{"start":{"line":241,"column":8},"end":{"line":241,"column":17}},"loc":{"start":{"line":244,"column":32},"end":{"line":252,"column":null}},"line":244},"14":{"name":"(anonymous_14)","decl":{"start":{"line":254,"column":8},"end":{"line":254,"column":20}},"loc":{"start":{"line":260,"column":25},"end":{"line":320,"column":null}},"line":260},"15":{"name":"(anonymous_15)","decl":{"start":{"line":262,"column":22},"end":{"line":262,"column":23}},"loc":{"start":{"line":263,"column":8},"end":{"line":267,"column":null}},"line":263},"16":{"name":"(anonymous_16)","decl":{"start":{"line":269,"column":21},"end":{"line":269,"column":22}},"loc":{"start":{"line":270,"column":8},"end":{"line":282,"column":null}},"line":270},"17":{"name":"(anonymous_17)","decl":{"start":{"line":273,"column":22},"end":{"line":273,"column":23}},"loc":{"start":{"line":274,"column":12},"end":{"line":280,"column":null}},"line":274},"18":{"name":"(anonymous_18)","decl":{"start":{"line":284,"column":23},"end":{"line":284,"column":24}},"loc":{"start":{"line":285,"column":8},"end":{"line":307,"column":null}},"line":285},"19":{"name":"(anonymous_19)","decl":{"start":{"line":288,"column":22},"end":{"line":288,"column":23}},"loc":{"start":{"line":289,"column":12},"end":{"line":305,"column":null}},"line":289},"20":{"name":"(anonymous_20)","decl":{"start":{"line":322,"column":8},"end":{"line":322,"column":19}},"loc":{"start":{"line":326,"column":20},"end":{"line":345,"column":null}},"line":326},"21":{"name":"(anonymous_21)","decl":{"start":{"line":336,"column":18},"end":{"line":336,"column":19}},"loc":{"start":{"line":337,"column":8},"end":{"line":340,"column":null}},"line":337},"22":{"name":"(anonymous_22)","decl":{"start":{"line":347,"column":8},"end":{"line":347,"column":20}},"loc":{"start":{"line":350,"column":27},"end":{"line":358,"column":null}},"line":350},"23":{"name":"(anonymous_23)","decl":{"start":{"line":360,"column":8},"end":{"line":360,"column":21}},"loc":{"start":{"line":363,"column":27},"end":{"line":371,"column":null}},"line":363},"24":{"name":"(anonymous_24)","decl":{"start":{"line":373,"column":8},"end":{"line":373,"column":null}},"loc":{"start":{"line":375,"column":27},"end":{"line":400,"column":null}},"line":375},"25":{"name":"(anonymous_25)","decl":{"start":{"line":383,"column":18},"end":{"line":383,"column":19}},"loc":{"start":{"line":383,"column":35},"end":{"line":388,"column":10}},"line":383},"26":{"name":"(anonymous_26)","decl":{"start":{"line":390,"column":18},"end":{"line":390,"column":19}},"loc":{"start":{"line":391,"column":8},"end":{"line":395,"column":null}},"line":391},"27":{"name":"(anonymous_27)","decl":{"start":{"line":399,"column":20},"end":{"line":399,"column":21}},"loc":{"start":{"line":399,"column":29},"end":{"line":399,"column":47}},"line":399},"28":{"name":"(anonymous_28)","decl":{"start":{"line":402,"column":8},"end":{"line":402,"column":25}},"loc":{"start":{"line":406,"column":20},"end":{"line":477,"column":null}},"line":406},"29":{"name":"(anonymous_29)","decl":{"start":{"line":421,"column":8},"end":{"line":421,"column":9}},"loc":{"start":{"line":421,"column":17},"end":{"line":421,"column":null}},"line":421},"30":{"name":"(anonymous_30)","decl":{"start":{"line":422,"column":8},"end":{"line":422,"column":9}},"loc":{"start":{"line":423,"column":10},"end":{"line":438,"column":null}},"line":423},"31":{"name":"(anonymous_31)","decl":{"start":{"line":424,"column":24},"end":{"line":424,"column":25}},"loc":{"start":{"line":425,"column":14},"end":{"line":434,"column":null}},"line":425},"32":{"name":"(anonymous_32)","decl":{"start":{"line":440,"column":24},"end":{"line":440,"column":25}},"loc":{"start":{"line":441,"column":8},"end":{"line":462,"column":null}},"line":441},"33":{"name":"(anonymous_33)","decl":{"start":{"line":444,"column":22},"end":{"line":444,"column":23}},"loc":{"start":{"line":445,"column":12},"end":{"line":459,"column":null}},"line":445},"34":{"name":"(anonymous_34)","decl":{"start":{"line":461,"column":22},"end":{"line":461,"column":23}},"loc":{"start":{"line":461,"column":36},"end":{"line":461,"column":56}},"line":461},"35":{"name":"(anonymous_35)","decl":{"start":{"line":479,"column":8},"end":{"line":479,"column":20}},"loc":{"start":{"line":486,"column":20},"end":{"line":593,"column":null}},"line":486},"36":{"name":"(anonymous_36)","decl":{"start":{"line":498,"column":8},"end":{"line":498,"column":9}},"loc":{"start":{"line":498,"column":17},"end":{"line":498,"column":null}},"line":498},"37":{"name":"(anonymous_37)","decl":{"start":{"line":499,"column":8},"end":{"line":499,"column":9}},"loc":{"start":{"line":500,"column":10},"end":{"line":538,"column":null}},"line":500},"38":{"name":"(anonymous_38)","decl":{"start":{"line":501,"column":24},"end":{"line":501,"column":25}},"loc":{"start":{"line":502,"column":14},"end":{"line":508,"column":null}},"line":502},"39":{"name":"(anonymous_39)","decl":{"start":{"line":510,"column":57},"end":{"line":510,"column":58}},"loc":{"start":{"line":511,"column":14},"end":{"line":514,"column":null}},"line":511},"40":{"name":"(anonymous_40)","decl":{"start":{"line":516,"column":39},"end":{"line":516,"column":40}},"loc":{"start":{"line":517,"column":14},"end":{"line":519,"column":null}},"line":517},"41":{"name":"(anonymous_41)","decl":{"start":{"line":521,"column":45},"end":{"line":521,"column":46}},"loc":{"start":{"line":522,"column":14},"end":{"line":524,"column":null}},"line":522},"42":{"name":"(anonymous_42)","decl":{"start":{"line":527,"column":20},"end":{"line":527,"column":21}},"loc":{"start":{"line":527,"column":32},"end":{"line":538,"column":13}},"line":527},"43":{"name":"(anonymous_43)","decl":{"start":{"line":540,"column":24},"end":{"line":540,"column":25}},"loc":{"start":{"line":541,"column":8},"end":{"line":563,"column":null}},"line":541},"44":{"name":"(anonymous_44)","decl":{"start":{"line":544,"column":22},"end":{"line":544,"column":23}},"loc":{"start":{"line":545,"column":12},"end":{"line":560,"column":null}},"line":545},"45":{"name":"(anonymous_45)","decl":{"start":{"line":546,"column":22},"end":{"line":546,"column":23}},"loc":{"start":{"line":546,"column":29},"end":{"line":551,"column":15}},"line":546},"46":{"name":"(anonymous_46)","decl":{"start":{"line":552,"column":21},"end":{"line":552,"column":null}},"loc":{"start":{"line":553,"column":16},"end":{"line":559,"column":null}},"line":553},"47":{"name":"(anonymous_47)","decl":{"start":{"line":562,"column":22},"end":{"line":562,"column":23}},"loc":{"start":{"line":562,"column":30},"end":{"line":562,"column":44}},"line":562},"48":{"name":"(anonymous_48)","decl":{"start":{"line":595,"column":8},"end":{"line":595,"column":33}},"loc":{"start":{"line":600,"column":29},"end":{"line":655,"column":null}},"line":600},"49":{"name":"(anonymous_49)","decl":{"start":{"line":611,"column":13},"end":{"line":611,"column":14}},"loc":{"start":{"line":612,"column":8},"end":{"line":650,"column":null}},"line":612},"50":{"name":"(anonymous_50)","decl":{"start":{"line":615,"column":62},"end":{"line":615,"column":63}},"loc":{"start":{"line":616,"column":16},"end":{"line":618,"column":null}},"line":616},"51":{"name":"(anonymous_51)","decl":{"start":{"line":620,"column":67},"end":{"line":620,"column":68}},"loc":{"start":{"line":621,"column":16},"end":{"line":631,"column":null}},"line":621},"52":{"name":"(anonymous_52)","decl":{"start":{"line":638,"column":56},"end":{"line":638,"column":57}},"loc":{"start":{"line":639,"column":16},"end":{"line":641,"column":null}},"line":639},"53":{"name":"(anonymous_53)","decl":{"start":{"line":657,"column":8},"end":{"line":657,"column":24}},"loc":{"start":{"line":661,"column":25},"end":{"line":725,"column":null}},"line":661},"54":{"name":"(anonymous_54)","decl":{"start":{"line":665,"column":40},"end":{"line":665,"column":41}},"loc":{"start":{"line":665,"column":51},"end":{"line":665,"column":79}},"line":665},"55":{"name":"(anonymous_55)","decl":{"start":{"line":674,"column":18},"end":{"line":674,"column":19}},"loc":{"start":{"line":675,"column":8},"end":{"line":685,"column":null}},"line":675},"56":{"name":"(anonymous_56)","decl":{"start":{"line":680,"column":18},"end":{"line":680,"column":19}},"loc":{"start":{"line":680,"column":35},"end":{"line":684,"column":11}},"line":680},"57":{"name":"(anonymous_57)","decl":{"start":{"line":687,"column":14},"end":{"line":687,"column":15}},"loc":{"start":{"line":687,"column":47},"end":{"line":720,"column":7}},"line":687},"58":{"name":"(anonymous_58)","decl":{"start":{"line":690,"column":63},"end":{"line":690,"column":64}},"loc":{"start":{"line":691,"column":14},"end":{"line":693,"column":null}},"line":691},"59":{"name":"(anonymous_59)","decl":{"start":{"line":695,"column":42},"end":{"line":695,"column":43}},"loc":{"start":{"line":696,"column":14},"end":{"line":702,"column":null}},"line":696},"60":{"name":"(anonymous_60)","decl":{"start":{"line":709,"column":54},"end":{"line":709,"column":55}},"loc":{"start":{"line":710,"column":14},"end":{"line":712,"column":null}},"line":710},"61":{"name":"(anonymous_61)","decl":{"start":{"line":724,"column":29},"end":{"line":724,"column":30}},"loc":{"start":{"line":724,"column":41},"end":{"line":724,"column":74}},"line":724},"62":{"name":"(anonymous_62)","decl":{"start":{"line":727,"column":8},"end":{"line":727,"column":31}},"loc":{"start":{"line":731,"column":24},"end":{"line":762,"column":null}},"line":731},"63":{"name":"(anonymous_63)","decl":{"start":{"line":734,"column":52},"end":{"line":734,"column":53}},"loc":{"start":{"line":735,"column":8},"end":{"line":737,"column":null}},"line":735},"64":{"name":"(anonymous_64)","decl":{"start":{"line":739,"column":54},"end":{"line":739,"column":55}},"loc":{"start":{"line":740,"column":8},"end":{"line":742,"column":null}},"line":740},"65":{"name":"(anonymous_65)","decl":{"start":{"line":749,"column":48},"end":{"line":749,"column":49}},"loc":{"start":{"line":750,"column":8},"end":{"line":752,"column":null}},"line":750},"66":{"name":"(anonymous_66)","decl":{"start":{"line":761,"column":20},"end":{"line":761,"column":21}},"loc":{"start":{"line":761,"column":29},"end":{"line":761,"column":40}},"line":761},"67":{"name":"(anonymous_67)","decl":{"start":{"line":764,"column":8},"end":{"line":764,"column":39}},"loc":{"start":{"line":768,"column":33},"end":{"line":809,"column":null}},"line":768},"68":{"name":"(anonymous_68)","decl":{"start":{"line":771,"column":52},"end":{"line":771,"column":53}},"loc":{"start":{"line":772,"column":8},"end":{"line":774,"column":null}},"line":772},"69":{"name":"(anonymous_69)","decl":{"start":{"line":776,"column":54},"end":{"line":776,"column":55}},"loc":{"start":{"line":777,"column":8},"end":{"line":779,"column":null}},"line":777},"70":{"name":"(anonymous_70)","decl":{"start":{"line":786,"column":48},"end":{"line":786,"column":49}},"loc":{"start":{"line":787,"column":8},"end":{"line":789,"column":null}},"line":787},"71":{"name":"(anonymous_71)","decl":{"start":{"line":791,"column":40},"end":{"line":791,"column":41}},"loc":{"start":{"line":792,"column":8},"end":{"line":794,"column":null}},"line":792},"72":{"name":"(anonymous_72)","decl":{"start":{"line":808,"column":20},"end":{"line":808,"column":21}},"loc":{"start":{"line":808,"column":29},"end":{"line":808,"column":40}},"line":808},"73":{"name":"(anonymous_73)","decl":{"start":{"line":811,"column":16},"end":{"line":811,"column":null}},"loc":{"start":{"line":814,"column":31},"end":{"line":822,"column":null}},"line":814},"74":{"name":"mapUser","decl":{"start":{"line":826,"column":9},"end":{"line":826,"column":17}},"loc":{"start":{"line":826,"column":56},"end":{"line":832,"column":null}},"line":826},"75":{"name":"mapCredential","decl":{"start":{"line":834,"column":9},"end":{"line":834,"column":null}},"loc":{"start":{"line":836,"column":30},"end":{"line":842,"column":null}},"line":836},"76":{"name":"mapMembership","decl":{"start":{"line":844,"column":9},"end":{"line":844,"column":null}},"loc":{"start":{"line":846,"column":20},"end":{"line":852,"column":null}},"line":846},"77":{"name":"mapScope","decl":{"start":{"line":854,"column":9},"end":{"line":854,"column":18}},"loc":{"start":{"line":854,"column":63},"end":{"line":860,"column":null}},"line":854},"78":{"name":"mapRole","decl":{"start":{"line":862,"column":9},"end":{"line":862,"column":17}},"loc":{"start":{"line":862,"column":52},"end":{"line":868,"column":null}},"line":862},"79":{"name":"mapPermission","decl":{"start":{"line":870,"column":9},"end":{"line":870,"column":23}},"loc":{"start":{"line":870,"column":70},"end":{"line":876,"column":null}},"line":870},"80":{"name":"toDate","decl":{"start":{"line":878,"column":9},"end":{"line":878,"column":16}},"loc":{"start":{"line":878,"column":44},"end":{"line":880,"column":null}},"line":878}},"branchMap":{"0":{"loc":{"start":{"line":118,"column":29},"end":{"line":118,"column":55}},"type":"binary-expr","locations":[{"start":{"line":118,"column":29},"end":{"line":118,"column":50}},{"start":{"line":118,"column":50},"end":{"line":118,"column":55}}],"line":118},"1":{"loc":{"start":{"line":130,"column":11},"end":{"line":130,"column":null}},"type":"cond-expr","locations":[{"start":{"line":130,"column":17},"end":{"line":130,"column":32}},{"start":{"line":130,"column":32},"end":{"line":130,"column":null}}],"line":130},"2":{"loc":{"start":{"line":162,"column":11},"end":{"line":162,"column":null}},"type":"cond-expr","locations":[{"start":{"line":162,"column":17},"end":{"line":162,"column":38}},{"start":{"line":162,"column":38},"end":{"line":162,"column":null}}],"line":162},"3":{"loc":{"start":{"line":194,"column":11},"end":{"line":194,"column":null}},"type":"cond-expr","locations":[{"start":{"line":194,"column":17},"end":{"line":194,"column":38}},{"start":{"line":194,"column":38},"end":{"line":194,"column":null}}],"line":194},"4":{"loc":{"start":{"line":199,"column":4},"end":{"line":201,"column":null}},"type":"if","locations":[{"start":{"line":199,"column":4},"end":{"line":201,"column":null}},{"start":{},"end":{}}],"line":199},"5":{"loc":{"start":{"line":216,"column":20},"end":{"line":218,"column":null}},"type":"cond-expr","locations":[{"start":{"line":217,"column":10},"end":{"line":217,"column":null}},{"start":{"line":218,"column":10},"end":{"line":218,"column":null}}],"line":216},"6":{"loc":{"start":{"line":219,"column":6},"end":{"line":225,"column":null}},"type":"if","locations":[{"start":{"line":219,"column":6},"end":{"line":225,"column":null}},{"start":{},"end":{}}],"line":219},"7":{"loc":{"start":{"line":251,"column":11},"end":{"line":251,"column":null}},"type":"cond-expr","locations":[{"start":{"line":251,"column":17},"end":{"line":251,"column":33}},{"start":{"line":251,"column":33},"end":{"line":251,"column":null}}],"line":251},"8":{"loc":{"start":{"line":278,"column":18},"end":{"line":278,"column":35}},"type":"binary-expr","locations":[{"start":{"line":278,"column":18},"end":{"line":278,"column":31}},{"start":{"line":278,"column":31},"end":{"line":278,"column":35}}],"line":278},"9":{"loc":{"start":{"line":279,"column":18},"end":{"line":279,"column":36}},"type":"binary-expr","locations":[{"start":{"line":279,"column":18},"end":{"line":279,"column":32}},{"start":{"line":279,"column":32},"end":{"line":279,"column":36}}],"line":279},"10":{"loc":{"start":{"line":313,"column":4},"end":{"line":318,"column":null}},"type":"if","locations":[{"start":{"line":313,"column":4},"end":{"line":318,"column":null}},{"start":{},"end":{}}],"line":313},"11":{"loc":{"start":{"line":333,"column":14},"end":{"line":333,"column":null}},"type":"binary-expr","locations":[{"start":{"line":333,"column":14},"end":{"line":333,"column":28}},{"start":{"line":333,"column":28},"end":{"line":333,"column":null}}],"line":333},"12":{"loc":{"start":{"line":338,"column":16},"end":{"line":338,"column":null}},"type":"binary-expr","locations":[{"start":{"line":338,"column":16},"end":{"line":338,"column":30}},{"start":{"line":338,"column":30},"end":{"line":338,"column":null}}],"line":338},"13":{"loc":{"start":{"line":357,"column":11},"end":{"line":357,"column":null}},"type":"cond-expr","locations":[{"start":{"line":357,"column":17},"end":{"line":357,"column":32}},{"start":{"line":357,"column":32},"end":{"line":357,"column":null}}],"line":357},"14":{"loc":{"start":{"line":370,"column":11},"end":{"line":370,"column":null}},"type":"cond-expr","locations":[{"start":{"line":370,"column":17},"end":{"line":370,"column":32}},{"start":{"line":370,"column":32},"end":{"line":370,"column":null}}],"line":370},"15":{"loc":{"start":{"line":376,"column":4},"end":{"line":378,"column":null}},"type":"if","locations":[{"start":{"line":376,"column":4},"end":{"line":378,"column":null}},{"start":{},"end":{}}],"line":376},"16":{"loc":{"start":{"line":386,"column":23},"end":{"line":386,"column":null}},"type":"binary-expr","locations":[{"start":{"line":386,"column":23},"end":{"line":386,"column":49}},{"start":{"line":386,"column":49},"end":{"line":386,"column":null}}],"line":386},"17":{"loc":{"start":{"line":407,"column":4},"end":{"line":409,"column":null}},"type":"if","locations":[{"start":{"line":407,"column":4},"end":{"line":409,"column":null}},{"start":{},"end":{}}],"line":407},"18":{"loc":{"start":{"line":410,"column":4},"end":{"line":417,"column":null}},"type":"if","locations":[{"start":{"line":410,"column":4},"end":{"line":417,"column":null}},{"start":{},"end":{}}],"line":410},"19":{"loc":{"start":{"line":470,"column":4},"end":{"line":476,"column":null}},"type":"if","locations":[{"start":{"line":470,"column":4},"end":{"line":476,"column":null}},{"start":{},"end":{}}],"line":470},"20":{"loc":{"start":{"line":487,"column":4},"end":{"line":489,"column":null}},"type":"if","locations":[{"start":{"line":487,"column":4},"end":{"line":489,"column":null}},{"start":{},"end":{}}],"line":487},"21":{"loc":{"start":{"line":572,"column":4},"end":{"line":592,"column":null}},"type":"switch","locations":[{"start":{"line":573,"column":6},"end":{"line":579,"column":null}},{"start":{"line":580,"column":6},"end":{"line":585,"column":null}},{"start":{"line":586,"column":6},"end":{"line":591,"column":null}}],"line":572},"22":{"loc":{"start":{"line":654,"column":11},"end":{"line":654,"column":null}},"type":"binary-expr","locations":[{"start":{"line":654,"column":11},"end":{"line":654,"column":26}},{"start":{"line":654,"column":26},"end":{"line":654,"column":null}}],"line":654},"23":{"loc":{"start":{"line":662,"column":4},"end":{"line":664,"column":null}},"type":"if","locations":[{"start":{"line":662,"column":4},"end":{"line":664,"column":null}},{"start":{},"end":{}}],"line":662},"24":{"loc":{"start":{"line":665,"column":22},"end":{"line":667,"column":null}},"type":"cond-expr","locations":[{"start":{"line":666,"column":8},"end":{"line":666,"column":null}},{"start":{"line":667,"column":8},"end":{"line":667,"column":null}}],"line":665},"25":{"loc":{"start":{"line":668,"column":24},"end":{"line":668,"column":null}},"type":"binary-expr","locations":[{"start":{"line":668,"column":24},"end":{"line":668,"column":46}},{"start":{"line":668,"column":46},"end":{"line":668,"column":null}}],"line":668},"26":{"loc":{"start":{"line":813,"column":4},"end":{"line":813,"column":null}},"type":"default-arg","locations":[{"start":{"line":813,"column":29},"end":{"line":813,"column":null}}],"line":813},"27":{"loc":{"start":{"line":821,"column":11},"end":{"line":821,"column":null}},"type":"cond-expr","locations":[{"start":{"line":821,"column":17},"end":{"line":821,"column":33}},{"start":{"line":821,"column":33},"end":{"line":821,"column":null}}],"line":821},"28":{"loc":{"start":{"line":879,"column":9},"end":{"line":879,"column":null}},"type":"cond-expr","locations":[{"start":{"line":879,"column":33},"end":{"line":879,"column":41}},{"start":{"line":879,"column":41},"end":{"line":879,"column":null}}],"line":879}},"s":{"0":1,"1":9,"2":11,"3":11,"4":1,"5":1,"6":2,"7":2,"8":2,"9":2,"10":2,"11":2,"12":10,"13":10,"14":10,"15":10,"16":2,"17":2,"18":17,"19":17,"20":7,"21":10,"22":10,"23":10,"24":10,"25":0,"26":0,"27":10,"28":10,"29":10,"30":0,"31":0,"32":6,"33":6,"34":6,"35":6,"36":6,"37":6,"38":6,"39":0,"40":6,"41":9,"42":9,"43":9,"44":9,"45":33,"46":33,"47":0,"48":0,"49":7,"50":0,"51":7,"52":7,"53":59,"54":7,"55":7,"56":59,"57":13,"58":0,"59":13,"60":0,"61":13,"62":13,"63":13,"64":13,"65":13,"66":13,"67":13,"68":13,"69":0,"70":11,"71":0,"72":11,"73":11,"74":11,"75":11,"76":11,"77":11,"78":11,"79":11,"80":11,"81":11,"82":11,"83":11,"84":11,"85":11,"86":11,"87":1,"88":1,"89":1,"90":2,"91":2,"92":2,"93":2,"94":2,"95":2,"96":14,"97":0,"98":14,"99":18,"100":14,"101":14,"102":14,"103":14,"104":14,"105":14,"106":14,"107":14,"108":14,"109":14,"110":39,"111":0,"112":0,"113":0,"114":0,"115":0,"116":0,"117":2,"118":2,"119":2,"120":2,"121":2,"122":2,"123":3,"124":17,"125":17,"126":12,"127":4,"128":11,"129":23,"130":42,"131":59,"132":302},"f":{"0":9,"1":11,"2":1,"3":2,"4":2,"5":2,"6":10,"7":10,"8":2,"9":17,"10":10,"11":10,"12":10,"13":0,"14":6,"15":6,"16":6,"17":6,"18":6,"19":6,"20":9,"21":9,"22":33,"23":0,"24":7,"25":59,"26":7,"27":59,"28":13,"29":13,"30":13,"31":13,"32":13,"33":13,"34":13,"35":11,"36":11,"37":11,"38":11,"39":11,"40":11,"41":11,"42":11,"43":11,"44":11,"45":11,"46":11,"47":11,"48":2,"49":2,"50":2,"51":2,"52":2,"53":14,"54":18,"55":14,"56":14,"57":14,"58":14,"59":14,"60":14,"61":39,"62":0,"63":0,"64":0,"65":0,"66":0,"67":2,"68":2,"69":2,"70":2,"71":2,"72":3,"73":17,"74":12,"75":4,"76":11,"77":23,"78":42,"79":59,"80":302},"b":{"0":[11,9],"1":[1,0],"2":[2,0],"3":[1,1],"4":[7,10],"5":[10,0],"6":[0,0],"7":[0,0],"8":[6,0],"9":[6,4],"10":[0,6],"11":[9,7],"12":[9,7],"13":[33,0],"14":[0,0],"15":[0,7],"16":[59,59],"17":[0,13],"18":[0,13],"19":[0,13],"20":[0,11],"21":[1,1,1],"22":[2,1],"23":[0,14],"24":[7,7],"25":[14,7],"26":[17],"27":[7,10],"28":[302,0]},"meta":{"lastBranch":29,"lastFunction":81,"lastStatement":133,"seen":{"s:26:34:26:Infinity":0,"f:113:2:113:31":0,"s:113:31:113:57":1,"f:115:8:115:19":1,"s:116:16:120:Infinity":2,"b:118:29:118:50:118:50:118:55":0,"s:121:4:121:Infinity":3,"f:124:8:124:16":2,"s:125:16:129:Infinity":4,"s:130:4:130:Infinity":5,"b:130:17:130:32:130:32:130:Infinity":1,"f:133:8:133:30":3,"s:138:16:138:Infinity":6,"s:139:16:150:Infinity":7,"f:142:18:142:19":4,"s:143:8:147:Infinity":8,"s:151:4:151:Infinity":9,"f:154:8:154:Infinity":5,"s:157:16:161:Infinity":10,"s:162:4:162:Infinity":11,"b:162:17:162:38:162:38:162:Infinity":2,"f:165:8:165:31":6,"s:169:16:169:Infinity":12,"s:170:16:180:Infinity":13,"f:173:18:173:19":7,"s:174:8:177:Infinity":14,"s:181:4:181:Infinity":15,"f:184:8:184:29":8,"s:188:16:193:Infinity":16,"s:194:4:194:Infinity":17,"b:194:17:194:38:194:38:194:Infinity":3,"f:197:8:197:30":9,"s:198:21:198:Infinity":18,"b:199:4:201:Infinity:undefined:undefined:undefined:undefined":4,"s:199:4:201:Infinity":19,"s:200:6:200:Infinity":20,"s:203:4:238:Infinity":21,"f:203:47:203:54":10,"s:204:23:215:Infinity":22,"f:213:20:213:21":11,"s:213:34:213:54":23,"s:216:20:218:Infinity":24,"b:217:10:217:Infinity:218:10:218:Infinity":5,"b:219:6:225:Infinity:undefined:undefined:undefined:undefined":6,"s:219:6:225:Infinity":25,"s:220:8:224:Infinity":26,"s:227:6:236:Infinity":27,"f:235:20:235:21":12,"s:235:34:235:54":28,"s:237:6:237:Infinity":29,"f:241:8:241:17":13,"s:245:16:250:Infinity":30,"s:251:4:251:Infinity":31,"b:251:17:251:33:251:33:251:Infinity":7,"f:254:8:254:20":14,"s:261:16:311:Infinity":32,"f:262:22:262:23":15,"s:263:8:267:Infinity":33,"f:269:21:269:22":16,"s:270:8:282:Infinity":34,"f:273:22:273:23":17,"s:274:12:280:Infinity":35,"b:278:18:278:31:278:31:278:35":8,"b:279:18:279:32:279:32:279:36":9,"f:284:23:284:24":18,"s:285:8:307:Infinity":36,"f:288:22:288:23":19,"s:289:12:305:Infinity":37,"b:313:4:318:Infinity:undefined:undefined:undefined:undefined":10,"s:313:4:318:Infinity":38,"s:314:6:317:Infinity":39,"s:319:4:319:Infinity":40,"f:322:8:322:19":20,"s:327:16:327:Infinity":41,"s:328:16:343:Infinity":42,"b:333:14:333:28:333:28:333:Infinity":11,"f:336:18:336:19":21,"s:337:8:340:Infinity":43,"b:338:16:338:30:338:30:338:Infinity":12,"s:344:4:344:Infinity":44,"f:347:8:347:20":22,"s:351:16:356:Infinity":45,"s:357:4:357:Infinity":46,"b:357:17:357:32:357:32:357:Infinity":13,"f:360:8:360:21":23,"s:364:16:369:Infinity":47,"s:370:4:370:Infinity":48,"b:370:17:370:32:370:32:370:Infinity":14,"f:373:8:373:Infinity":24,"b:376:4:378:Infinity:undefined:undefined:undefined:undefined":15,"s:376:4:378:Infinity":49,"s:377:6:377:Infinity":50,"s:379:16:379:Infinity":51,"s:380:17:398:Infinity":52,"f:383:18:383:19":25,"s:383:35:388:10":53,"b:386:23:386:49:386:49:386:Infinity":16,"f:390:18:390:19":26,"s:391:8:395:Infinity":54,"s:399:4:399:Infinity":55,"f:399:20:399:21":27,"s:399:29:399:47":56,"f:402:8:402:25":28,"b:407:4:409:Infinity:undefined:undefined:undefined:undefined":17,"s:407:4:409:Infinity":57,"s:408:6:408:Infinity":58,"b:410:4:417:Infinity:undefined:undefined:undefined:undefined":18,"s:410:4:417:Infinity":59,"s:416:6:416:Infinity":60,"s:419:20:468:Infinity":61,"f:421:8:421:9":29,"s:421:17:421:Infinity":62,"f:422:8:422:9":30,"s:423:10:438:Infinity":63,"f:424:24:424:25":31,"s:425:14:434:Infinity":64,"f:440:24:440:25":32,"s:441:8:462:Infinity":65,"f:444:22:444:23":33,"s:445:12:459:Infinity":66,"f:461:22:461:23":34,"s:461:36:461:56":67,"b:470:4:476:Infinity:undefined:undefined:undefined:undefined":19,"s:470:4:476:Infinity":68,"s:471:6:475:Infinity":69,"f:479:8:479:20":35,"b:487:4:489:Infinity:undefined:undefined:undefined:undefined":20,"s:487:4:489:Infinity":70,"s:488:6:488:Infinity":71,"s:494:36:494:Infinity":72,"s:496:20:570:Infinity":73,"f:498:8:498:9":36,"s:498:17:498:Infinity":74,"f:499:8:499:9":37,"s:500:10:538:Infinity":75,"f:501:24:501:25":38,"s:502:14:508:Infinity":76,"f:510:57:510:58":39,"s:511:14:514:Infinity":77,"f:516:39:516:40":40,"s:517:14:519:Infinity":78,"f:521:45:521:46":41,"s:522:14:524:Infinity":79,"f:527:20:527:21":42,"s:527:32:538:13":80,"f:540:24:540:25":43,"s:541:8:563:Infinity":81,"f:544:22:544:23":44,"s:545:12:560:Infinity":82,"f:546:22:546:23":45,"s:546:29:551:15":83,"f:552:21:552:Infinity":46,"s:553:16:559:Infinity":84,"f:562:22:562:23":47,"s:562:30:562:44":85,"b:573:6:579:Infinity:580:6:585:Infinity:586:6:591:Infinity":21,"s:572:4:592:Infinity":86,"s:574:8:578:Infinity":87,"s:581:8:584:Infinity":88,"s:587:8:590:Infinity":89,"f:595:8:595:33":48,"s:601:19:653:Infinity":90,"f:611:13:611:14":49,"s:612:8:650:Infinity":91,"f:615:62:615:63":50,"s:616:16:618:Infinity":92,"f:620:67:620:68":51,"s:621:16:631:Infinity":93,"f:638:56:638:57":52,"s:639:16:641:Infinity":94,"s:654:4:654:Infinity":95,"b:654:11:654:26:654:26:654:Infinity":22,"f:657:8:657:24":53,"b:662:4:664:Infinity:undefined:undefined:undefined:undefined":23,"s:662:4:664:Infinity":96,"s:663:6:663:Infinity":97,"s:665:22:667:Infinity":98,"b:666:8:666:Infinity:667:8:667:Infinity":24,"f:665:40:665:41":54,"s:665:51:665:79":99,"s:668:24:668:Infinity":100,"b:668:24:668:46:668:46:668:Infinity":25,"s:670:38:670:Infinity":101,"s:673:26:722:Infinity":102,"f:674:18:674:19":55,"s:675:8:685:Infinity":103,"f:680:18:680:19":56,"s:680:35:684:11":104,"f:687:14:687:15":57,"s:687:47:720:7":105,"f:690:63:690:64":58,"s:691:14:693:Infinity":106,"f:695:42:695:43":59,"s:696:14:702:Infinity":107,"f:709:54:709:55":60,"s:710:14:712:Infinity":108,"s:724:4:724:Infinity":109,"f:724:29:724:30":61,"s:724:41:724:74":110,"f:727:8:727:31":62,"s:732:17:760:Infinity":111,"f:734:52:734:53":63,"s:735:8:737:Infinity":112,"f:739:54:739:55":64,"s:740:8:742:Infinity":113,"f:749:48:749:49":65,"s:750:8:752:Infinity":114,"s:761:4:761:Infinity":115,"f:761:20:761:21":66,"s:761:29:761:40":116,"f:764:8:764:39":67,"s:769:17:807:Infinity":117,"f:771:52:771:53":68,"s:772:8:774:Infinity":118,"f:776:54:776:55":69,"s:777:8:779:Infinity":119,"f:786:48:786:49":70,"s:787:8:789:Infinity":120,"f:791:40:791:41":71,"s:792:8:794:Infinity":121,"s:808:4:808:Infinity":122,"f:808:20:808:21":72,"s:808:29:808:40":123,"f:811:16:811:Infinity":73,"b:813:29:813:Infinity":26,"s:815:16:820:Infinity":124,"s:821:4:821:Infinity":125,"b:821:17:821:33:821:33:821:Infinity":27,"f:826:9:826:17":74,"s:827:2:831:Infinity":126,"f:834:9:834:Infinity":75,"s:837:2:841:Infinity":127,"f:844:9:844:Infinity":76,"s:847:2:851:Infinity":128,"f:854:9:854:18":77,"s:855:2:859:Infinity":129,"f:862:9:862:17":78,"s:863:2:867:Infinity":130,"f:870:9:870:23":79,"s:871:2:875:Infinity":131,"f:878:9:878:16":80,"s:879:2:879:Infinity":132,"b:879:33:879:41:879:41:879:Infinity":28}}}
,"/home/hechang27/Documents/sprt/uni-admin/server/auth/service.ts": {"path":"/home/hechang27/Documents/sprt/uni-admin/server/auth/service.ts","statementMap":{"0":{"start":{"line":30,"column":68},"end":{"line":51,"column":null}},"1":{"start":{"line":61,"column":4},"end":{"line":61,"column":null}},"2":{"start":{"line":65,"column":4},"end":{"line":65,"column":null}},"3":{"start":{"line":69,"column":4},"end":{"line":73,"column":null}},"4":{"start":{"line":77,"column":23},"end":{"line":79,"column":null}},"5":{"start":{"line":80,"column":4},"end":{"line":82,"column":null}},"6":{"start":{"line":81,"column":6},"end":{"line":81,"column":null}},"7":{"start":{"line":84,"column":18},"end":{"line":84,"column":null}},"8":{"start":{"line":85,"column":4},"end":{"line":87,"column":null}},"9":{"start":{"line":86,"column":6},"end":{"line":86,"column":null}},"10":{"start":{"line":89,"column":17},"end":{"line":89,"column":null}},"11":{"start":{"line":90,"column":4},"end":{"line":90,"column":null}},"12":{"start":{"line":96,"column":4},"end":{"line":96,"column":null}},"13":{"start":{"line":103,"column":23},"end":{"line":103,"column":null}},"14":{"start":{"line":104,"column":4},"end":{"line":110,"column":null}},"15":{"start":{"line":105,"column":6},"end":{"line":109,"column":null}},"16":{"start":{"line":112,"column":4},"end":{"line":117,"column":null}},"17":{"start":{"line":121,"column":4},"end":{"line":121,"column":null}},"18":{"start":{"line":125,"column":18},"end":{"line":125,"column":null}},"19":{"start":{"line":126,"column":4},"end":{"line":126,"column":null}},"20":{"start":{"line":130,"column":4},"end":{"line":130,"column":null}},"21":{"start":{"line":137,"column":4},"end":{"line":141,"column":null}},"22":{"start":{"line":143,"column":4},"end":{"line":146,"column":null}},"23":{"start":{"line":150,"column":4},"end":{"line":150,"column":null}},"24":{"start":{"line":154,"column":4},"end":{"line":154,"column":null}},"25":{"start":{"line":158,"column":4},"end":{"line":158,"column":null}},"26":{"start":{"line":162,"column":4},"end":{"line":164,"column":null}},"27":{"start":{"line":168,"column":17},"end":{"line":168,"column":null}},"28":{"start":{"line":169,"column":4},"end":{"line":173,"column":null}},"29":{"start":{"line":180,"column":4},"end":{"line":184,"column":null}},"30":{"start":{"line":186,"column":6},"end":{"line":193,"column":null}},"31":{"start":{"line":194,"column":4},"end":{"line":196,"column":null}},"32":{"start":{"line":195,"column":6},"end":{"line":195,"column":null}},"33":{"start":{"line":198,"column":17},"end":{"line":201,"column":null}},"34":{"start":{"line":202,"column":4},"end":{"line":206,"column":null}},"35":{"start":{"line":210,"column":17},"end":{"line":210,"column":null}},"36":{"start":{"line":211,"column":4},"end":{"line":220,"column":null}},"37":{"start":{"line":227,"column":4},"end":{"line":231,"column":null}},"38":{"start":{"line":232,"column":17},"end":{"line":235,"column":null}},"39":{"start":{"line":236,"column":22},"end":{"line":240,"column":null}},"40":{"start":{"line":241,"column":4},"end":{"line":252,"column":null}},"41":{"start":{"line":243,"column":8},"end":{"line":248,"column":null}},"42":{"start":{"line":249,"column":6},"end":{"line":251,"column":null}},"43":{"start":{"line":250,"column":8},"end":{"line":250,"column":null}},"44":{"start":{"line":254,"column":4},"end":{"line":263,"column":null}},"45":{"start":{"line":267,"column":22},"end":{"line":275,"column":null}},"46":{"start":{"line":276,"column":4},"end":{"line":276,"column":null}},"47":{"start":{"line":280,"column":4},"end":{"line":284,"column":null}},"48":{"start":{"line":288,"column":20},"end":{"line":288,"column":null}},"49":{"start":{"line":289,"column":4},"end":{"line":295,"column":null}},"50":{"start":{"line":290,"column":6},"end":{"line":294,"column":null}},"51":{"start":{"line":299,"column":4},"end":{"line":303,"column":null}},"52":{"start":{"line":307,"column":4},"end":{"line":311,"column":null}},"53":{"start":{"line":318,"column":4},"end":{"line":322,"column":null}},"54":{"start":{"line":328,"column":41},"end":{"line":336,"column":null}},"55":{"start":{"line":337,"column":4},"end":{"line":340,"column":null}},"56":{"start":{"line":341,"column":4},"end":{"line":345,"column":null}},"57":{"start":{"line":346,"column":4},"end":{"line":346,"column":null}},"58":{"start":{"line":347,"column":4},"end":{"line":353,"column":null}},"59":{"start":{"line":351,"column":24},"end":{"line":351,"column":null}},"60":{"start":{"line":354,"column":4},"end":{"line":363,"column":null}},"61":{"start":{"line":365,"column":4},"end":{"line":375,"column":null}},"62":{"start":{"line":379,"column":29},"end":{"line":389,"column":null}},"63":{"start":{"line":390,"column":4},"end":{"line":396,"column":null}},"64":{"start":{"line":391,"column":6},"end":{"line":395,"column":null}},"65":{"start":{"line":402,"column":28},"end":{"line":402,"column":null}},"66":{"start":{"line":404,"column":4},"end":{"line":414,"column":null}},"67":{"start":{"line":405,"column":6},"end":{"line":408,"column":null}},"68":{"start":{"line":409,"column":4},"end":{"line":414,"column":null}},"69":{"start":{"line":410,"column":6},"end":{"line":413,"column":null}},"70":{"start":{"line":416,"column":4},"end":{"line":418,"column":null}},"71":{"start":{"line":417,"column":6},"end":{"line":417,"column":null}},"72":{"start":{"line":420,"column":4},"end":{"line":420,"column":null}},"73":{"start":{"line":425,"column":2},"end":{"line":425,"column":null}},"74":{"start":{"line":433,"column":2},"end":{"line":438,"column":null}}},"fnMap":{"0":{"name":"(anonymous_0)","decl":{"start":{"line":60,"column":2},"end":{"line":60,"column":14}},"loc":{"start":{"line":60,"column":46},"end":{"line":62,"column":null}},"line":60},"1":{"name":"(anonymous_1)","decl":{"start":{"line":64,"column":2},"end":{"line":64,"column":13}},"loc":{"start":{"line":64,"column":42},"end":{"line":66,"column":null}},"line":64},"2":{"name":"(anonymous_2)","decl":{"start":{"line":68,"column":8},"end":{"line":68,"column":38}},"loc":{"start":{"line":68,"column":73},"end":{"line":74,"column":null}},"line":68},"3":{"name":"(anonymous_3)","decl":{"start":{"line":76,"column":8},"end":{"line":76,"column":31}},"loc":{"start":{"line":76,"column":59},"end":{"line":91,"column":null}},"line":76},"4":{"name":"(anonymous_4)","decl":{"start":{"line":93,"column":2},"end":{"line":93,"column":null}},"loc":{"start":{"line":95,"column":31},"end":{"line":97,"column":null}},"line":95},"5":{"name":"(anonymous_5)","decl":{"start":{"line":99,"column":8},"end":{"line":99,"column":21}},"loc":{"start":{"line":102,"column":34},"end":{"line":118,"column":null}},"line":102},"6":{"name":"(anonymous_6)","decl":{"start":{"line":120,"column":2},"end":{"line":120,"column":24}},"loc":{"start":{"line":120,"column":42},"end":{"line":122,"column":null}},"line":120},"7":{"name":"(anonymous_7)","decl":{"start":{"line":124,"column":8},"end":{"line":124,"column":29}},"loc":{"start":{"line":124,"column":47},"end":{"line":127,"column":null}},"line":124},"8":{"name":"(anonymous_8)","decl":{"start":{"line":129,"column":2},"end":{"line":129,"column":14}},"loc":{"start":{"line":129,"column":39},"end":{"line":131,"column":null}},"line":129},"9":{"name":"(anonymous_9)","decl":{"start":{"line":133,"column":8},"end":{"line":133,"column":null}},"loc":{"start":{"line":136,"column":4},"end":{"line":147,"column":null}},"line":136},"10":{"name":"(anonymous_10)","decl":{"start":{"line":149,"column":2},"end":{"line":149,"column":13}},"loc":{"start":{"line":149,"column":37},"end":{"line":151,"column":null}},"line":149},"11":{"name":"(anonymous_11)","decl":{"start":{"line":153,"column":2},"end":{"line":153,"column":18}},"loc":{"start":{"line":153,"column":54},"end":{"line":155,"column":null}},"line":153},"12":{"name":"(anonymous_12)","decl":{"start":{"line":157,"column":2},"end":{"line":157,"column":55}},"loc":{"start":{"line":157,"column":55},"end":{"line":159,"column":null}},"line":157},"13":{"name":"(anonymous_13)","decl":{"start":{"line":161,"column":2},"end":{"line":161,"column":28}},"loc":{"start":{"line":161,"column":58},"end":{"line":165,"column":null}},"line":161},"14":{"name":"(anonymous_14)","decl":{"start":{"line":167,"column":8},"end":{"line":167,"column":24}},"loc":{"start":{"line":167,"column":53},"end":{"line":174,"column":null}},"line":167},"15":{"name":"(anonymous_15)","decl":{"start":{"line":176,"column":8},"end":{"line":176,"column":null}},"loc":{"start":{"line":179,"column":4},"end":{"line":207,"column":null}},"line":179},"16":{"name":"(anonymous_16)","decl":{"start":{"line":209,"column":8},"end":{"line":209,"column":19}},"loc":{"start":{"line":209,"column":43},"end":{"line":221,"column":null}},"line":209},"17":{"name":"(anonymous_17)","decl":{"start":{"line":223,"column":8},"end":{"line":223,"column":null}},"loc":{"start":{"line":226,"column":4},"end":{"line":264,"column":null}},"line":226},"18":{"name":"(anonymous_18)","decl":{"start":{"line":266,"column":8},"end":{"line":266,"column":20}},"loc":{"start":{"line":266,"column":45},"end":{"line":277,"column":null}},"line":266},"19":{"name":"(anonymous_19)","decl":{"start":{"line":279,"column":2},"end":{"line":279,"column":18}},"loc":{"start":{"line":279,"column":47},"end":{"line":285,"column":null}},"line":279},"20":{"name":"(anonymous_20)","decl":{"start":{"line":287,"column":8},"end":{"line":287,"column":21}},"loc":{"start":{"line":287,"column":46},"end":{"line":296,"column":null}},"line":287},"21":{"name":"(anonymous_21)","decl":{"start":{"line":298,"column":2},"end":{"line":298,"column":25}},"loc":{"start":{"line":298,"column":59},"end":{"line":304,"column":null}},"line":298},"22":{"name":"(anonymous_22)","decl":{"start":{"line":306,"column":2},"end":{"line":306,"column":33}},"loc":{"start":{"line":306,"column":67},"end":{"line":312,"column":null}},"line":306},"23":{"name":"(anonymous_23)","decl":{"start":{"line":314,"column":2},"end":{"line":314,"column":32}},"loc":{"start":{"line":317,"column":5},"end":{"line":323,"column":null}},"line":317},"24":{"name":"(anonymous_24)","decl":{"start":{"line":325,"column":8},"end":{"line":325,"column":null}},"loc":{"start":{"line":327,"column":41},"end":{"line":376,"column":null}},"line":327},"25":{"name":"(anonymous_25)","decl":{"start":{"line":351,"column":8},"end":{"line":351,"column":9}},"loc":{"start":{"line":351,"column":24},"end":{"line":351,"column":null}},"line":351},"26":{"name":"(anonymous_26)","decl":{"start":{"line":378,"column":16},"end":{"line":378,"column":34}},"loc":{"start":{"line":378,"column":74},"end":{"line":397,"column":null}},"line":378},"27":{"name":"(anonymous_27)","decl":{"start":{"line":399,"column":16},"end":{"line":399,"column":null}},"loc":{"start":{"line":401,"column":19},"end":{"line":421,"column":null}},"line":401},"28":{"name":"normalizeUsername","decl":{"start":{"line":424,"column":9},"end":{"line":424,"column":27}},"loc":{"start":{"line":424,"column":53},"end":{"line":426,"column":null}},"line":424},"29":{"name":"permissionDenied","decl":{"start":{"line":428,"column":9},"end":{"line":428,"column":null}},"loc":{"start":{"line":432,"column":17},"end":{"line":439,"column":null}},"line":432}},"branchMap":{"0":{"loc":{"start":{"line":64,"column":13},"end":{"line":64,"column":42}},"type":"default-arg","locations":[{"start":{"line":64,"column":38},"end":{"line":64,"column":42}}],"line":64},"1":{"loc":{"start":{"line":80,"column":4},"end":{"line":82,"column":null}},"type":"if","locations":[{"start":{"line":80,"column":4},"end":{"line":82,"column":null}},{"start":{},"end":{}}],"line":80},"2":{"loc":{"start":{"line":85,"column":4},"end":{"line":87,"column":null}},"type":"if","locations":[{"start":{"line":85,"column":4},"end":{"line":87,"column":null}},{"start":{},"end":{}}],"line":85},"3":{"loc":{"start":{"line":90,"column":11},"end":{"line":90,"column":null}},"type":"cond-expr","locations":[{"start":{"line":90,"column":39},"end":{"line":90,"column":46}},{"start":{"line":90,"column":46},"end":{"line":90,"column":null}}],"line":90},"4":{"loc":{"start":{"line":104,"column":4},"end":{"line":110,"column":null}},"type":"if","locations":[{"start":{"line":104,"column":4},"end":{"line":110,"column":null}},{"start":{},"end":{}}],"line":104},"5":{"loc":{"start":{"line":104,"column":8},"end":{"line":104,"column":55}},"type":"binary-expr","locations":[{"start":{"line":104,"column":8},"end":{"line":104,"column":23}},{"start":{"line":104,"column":23},"end":{"line":104,"column":55}}],"line":104},"6":{"loc":{"start":{"line":194,"column":4},"end":{"line":196,"column":null}},"type":"if","locations":[{"start":{"line":194,"column":4},"end":{"line":196,"column":null}},{"start":{},"end":{}}],"line":194},"7":{"loc":{"start":{"line":194,"column":8},"end":{"line":194,"column":43}},"type":"binary-expr","locations":[{"start":{"line":194,"column":8},"end":{"line":194,"column":20}},{"start":{"line":194,"column":20},"end":{"line":194,"column":43}}],"line":194},"8":{"loc":{"start":{"line":241,"column":4},"end":{"line":252,"column":null}},"type":"if","locations":[{"start":{"line":241,"column":4},"end":{"line":252,"column":null}},{"start":{},"end":{}}],"line":241},"9":{"loc":{"start":{"line":249,"column":6},"end":{"line":251,"column":null}},"type":"if","locations":[{"start":{"line":249,"column":6},"end":{"line":251,"column":null}},{"start":{},"end":{}}],"line":249},"10":{"loc":{"start":{"line":276,"column":11},"end":{"line":276,"column":null}},"type":"binary-expr","locations":[{"start":{"line":276,"column":11},"end":{"line":276,"column":22}},{"start":{"line":276,"column":22},"end":{"line":276,"column":null}}],"line":276},"11":{"loc":{"start":{"line":289,"column":4},"end":{"line":295,"column":null}},"type":"if","locations":[{"start":{"line":289,"column":4},"end":{"line":295,"column":null}},{"start":{},"end":{}}],"line":289},"12":{"loc":{"start":{"line":333,"column":13},"end":{"line":333,"column":null}},"type":"binary-expr","locations":[{"start":{"line":333,"column":13},"end":{"line":333,"column":35}},{"start":{"line":333,"column":35},"end":{"line":333,"column":null}}],"line":333},"13":{"loc":{"start":{"line":390,"column":4},"end":{"line":396,"column":null}},"type":"if","locations":[{"start":{"line":390,"column":4},"end":{"line":396,"column":null}},{"start":{},"end":{}}],"line":390},"14":{"loc":{"start":{"line":390,"column":8},"end":{"line":390,"column":28}},"type":"binary-expr","locations":[{"start":{"line":390,"column":8},"end":{"line":390,"column":18}},{"start":{"line":390,"column":18},"end":{"line":390,"column":28}}],"line":390},"15":{"loc":{"start":{"line":404,"column":4},"end":{"line":414,"column":null}},"type":"if","locations":[{"start":{"line":404,"column":4},"end":{"line":414,"column":null}},{"start":{"line":409,"column":4},"end":{"line":414,"column":null}}],"line":404},"16":{"loc":{"start":{"line":409,"column":4},"end":{"line":414,"column":null}},"type":"if","locations":[{"start":{"line":409,"column":4},"end":{"line":414,"column":null}},{"start":{},"end":{}}],"line":409},"17":{"loc":{"start":{"line":416,"column":4},"end":{"line":418,"column":null}},"type":"if","locations":[{"start":{"line":416,"column":4},"end":{"line":418,"column":null}},{"start":{},"end":{}}],"line":416}},"s":{"0":1,"1":9,"2":10,"3":1,"4":2,"5":2,"6":0,"7":2,"8":2,"9":1,"10":1,"11":1,"12":9,"13":2,"14":2,"15":1,"16":1,"17":9,"18":0,"19":0,"20":6,"21":0,"22":0,"23":8,"24":1,"25":0,"26":5,"27":12,"28":12,"29":0,"30":0,"31":0,"32":0,"33":0,"34":0,"35":6,"36":6,"37":2,"38":2,"39":2,"40":2,"41":2,"42":2,"43":1,"44":1,"45":0,"46":0,"47":10,"48":0,"49":0,"50":0,"51":0,"52":2,"53":0,"54":1,"55":1,"56":1,"57":1,"58":1,"59":20,"60":1,"61":1,"62":2,"63":2,"64":0,"65":20,"66":20,"67":20,"68":0,"69":0,"70":20,"71":0,"72":20,"73":4,"74":1},"f":{"0":9,"1":10,"2":1,"3":2,"4":9,"5":2,"6":9,"7":0,"8":6,"9":0,"10":8,"11":1,"12":0,"13":5,"14":12,"15":0,"16":6,"17":2,"18":0,"19":10,"20":0,"21":0,"22":2,"23":0,"24":1,"25":20,"26":2,"27":20,"28":4,"29":1},"b":{"0":[10],"1":[0,2],"2":[1,1],"3":[1,0],"4":[1,1],"5":[2,1],"6":[0,0],"7":[0,0],"8":[2,0],"9":[1,1],"10":[0,0],"11":[0,0],"12":[1,1],"13":[0,2],"14":[2,2],"15":[20,0],"16":[0,0],"17":[0,20]},"meta":{"lastBranch":18,"lastFunction":30,"lastStatement":75,"seen":{"s:30:68:51:Infinity":0,"f:60:2:60:14":0,"s:61:4:61:Infinity":1,"f:64:2:64:13":1,"b:64:38:64:42":0,"s:65:4:65:Infinity":2,"f:68:8:68:38":2,"s:69:4:73:Infinity":3,"f:76:8:76:31":3,"s:77:23:79:Infinity":4,"b:80:4:82:Infinity:undefined:undefined:undefined:undefined":1,"s:80:4:82:Infinity":5,"s:81:6:81:Infinity":6,"s:84:18:84:Infinity":7,"b:85:4:87:Infinity:undefined:undefined:undefined:undefined":2,"s:85:4:87:Infinity":8,"s:86:6:86:Infinity":9,"s:89:17:89:Infinity":10,"s:90:4:90:Infinity":11,"b:90:39:90:46:90:46:90:Infinity":3,"f:93:2:93:Infinity":4,"s:96:4:96:Infinity":12,"f:99:8:99:21":5,"s:103:23:103:Infinity":13,"b:104:4:110:Infinity:undefined:undefined:undefined:undefined":4,"s:104:4:110:Infinity":14,"b:104:8:104:23:104:23:104:55":5,"s:105:6:109:Infinity":15,"s:112:4:117:Infinity":16,"f:120:2:120:24":6,"s:121:4:121:Infinity":17,"f:124:8:124:29":7,"s:125:18:125:Infinity":18,"s:126:4:126:Infinity":19,"f:129:2:129:14":8,"s:130:4:130:Infinity":20,"f:133:8:133:Infinity":9,"s:137:4:141:Infinity":21,"s:143:4:146:Infinity":22,"f:149:2:149:13":10,"s:150:4:150:Infinity":23,"f:153:2:153:18":11,"s:154:4:154:Infinity":24,"f:157:2:157:55":12,"s:158:4:158:Infinity":25,"f:161:2:161:28":13,"s:162:4:164:Infinity":26,"f:167:8:167:24":14,"s:168:17:168:Infinity":27,"s:169:4:173:Infinity":28,"f:176:8:176:Infinity":15,"s:180:4:184:Infinity":29,"s:186:6:193:Infinity":30,"b:194:4:196:Infinity:undefined:undefined:undefined:undefined":6,"s:194:4:196:Infinity":31,"b:194:8:194:20:194:20:194:43":7,"s:195:6:195:Infinity":32,"s:198:17:201:Infinity":33,"s:202:4:206:Infinity":34,"f:209:8:209:19":16,"s:210:17:210:Infinity":35,"s:211:4:220:Infinity":36,"f:223:8:223:Infinity":17,"s:227:4:231:Infinity":37,"s:232:17:235:Infinity":38,"s:236:22:240:Infinity":39,"b:241:4:252:Infinity:undefined:undefined:undefined:undefined":8,"s:241:4:252:Infinity":40,"s:243:8:248:Infinity":41,"b:249:6:251:Infinity:undefined:undefined:undefined:undefined":9,"s:249:6:251:Infinity":42,"s:250:8:250:Infinity":43,"s:254:4:263:Infinity":44,"f:266:8:266:20":18,"s:267:22:275:Infinity":45,"s:276:4:276:Infinity":46,"b:276:11:276:22:276:22:276:Infinity":10,"f:279:2:279:18":19,"s:280:4:284:Infinity":47,"f:287:8:287:21":20,"s:288:20:288:Infinity":48,"b:289:4:295:Infinity:undefined:undefined:undefined:undefined":11,"s:289:4:295:Infinity":49,"s:290:6:294:Infinity":50,"f:298:2:298:25":21,"s:299:4:303:Infinity":51,"f:306:2:306:33":22,"s:307:4:311:Infinity":52,"f:314:2:314:32":23,"s:318:4:322:Infinity":53,"f:325:8:325:Infinity":24,"s:328:41:336:Infinity":54,"b:333:13:333:35:333:35:333:Infinity":12,"s:337:4:340:Infinity":55,"s:341:4:345:Infinity":56,"s:346:4:346:Infinity":57,"s:347:4:353:Infinity":58,"f:351:8:351:9":25,"s:351:24:351:Infinity":59,"s:354:4:363:Infinity":60,"s:365:4:375:Infinity":61,"f:378:16:378:34":26,"s:379:29:389:Infinity":62,"b:390:4:396:Infinity:undefined:undefined:undefined:undefined":13,"s:390:4:396:Infinity":63,"b:390:8:390:18:390:18:390:28":14,"s:391:6:395:Infinity":64,"f:399:16:399:Infinity":27,"s:402:28:402:Infinity":65,"b:404:4:414:Infinity:409:4:414:Infinity":15,"s:404:4:414:Infinity":66,"s:405:6:408:Infinity":67,"b:409:4:414:Infinity:undefined:undefined:undefined:undefined":16,"s:409:4:414:Infinity":68,"s:410:6:413:Infinity":69,"b:416:4:418:Infinity:undefined:undefined:undefined:undefined":17,"s:416:4:418:Infinity":70,"s:417:6:417:Infinity":71,"s:420:4:420:Infinity":72,"f:424:9:424:27":28,"s:425:2:425:Infinity":73,"f:428:9:428:Infinity":29,"s:433:2:438:Infinity":74}}}
,"/home/hechang27/Documents/sprt/uni-admin/server/data/documents/errors.ts": {"path":"/home/hechang27/Documents/sprt/uni-admin/server/data/documents/errors.ts","statementMap":{"0":{"start":{"line":12,"column":4},"end":{"line":12,"column":null}},"1":{"start":{"line":13,"column":4},"end":{"line":13,"column":null}},"2":{"start":{"line":14,"column":4},"end":{"line":14,"column":null}},"3":{"start":{"line":15,"column":4},"end":{"line":15,"column":null}},"4":{"start":{"line":22,"column":2},"end":{"line":22,"column":null}}},"fnMap":{"0":{"name":"(anonymous_0)","decl":{"start":{"line":7,"column":2},"end":{"line":7,"column":null}},"loc":{"start":{"line":11,"column":4},"end":{"line":16,"column":null}},"line":11},"1":{"name":"isDocumentServiceError","decl":{"start":{"line":19,"column":16},"end":{"line":19,"column":null}},"loc":{"start":{"line":21,"column":33},"end":{"line":23,"column":null}},"line":21}},"branchMap":{"0":{"loc":{"start":{"line":10,"column":4},"end":{"line":10,"column":null}},"type":"default-arg","locations":[{"start":{"line":10,"column":36},"end":{"line":10,"column":null}}],"line":10}},"s":{"0":17,"1":17,"2":17,"3":17,"4":0},"f":{"0":17,"1":0},"b":{"0":[17]},"meta":{"lastBranch":1,"lastFunction":2,"lastStatement":5,"seen":{"f:7:2:7:Infinity":0,"b:10:36:10:Infinity":0,"s:12:4:12:Infinity":0,"s:13:4:13:Infinity":1,"s:14:4:14:Infinity":2,"s:15:4:15:Infinity":3,"f:19:16:19:Infinity":1,"s:22:2:22:Infinity":4}}}
,"/home/hechang27/Documents/sprt/uni-admin/server/data/documents/index.ts": {"path":"/home/hechang27/Documents/sprt/uni-admin/server/data/documents/index.ts","statementMap":{},"fnMap":{},"branchMap":{},"s":{},"f":{},"b":{},"meta":{"lastBranch":0,"lastFunction":0,"lastStatement":0,"seen":{}}}
,"/home/hechang27/Documents/sprt/uni-admin/server/data/documents/json-patch.ts": {"path":"/home/hechang27/Documents/sprt/uni-admin/server/data/documents/json-patch.ts","statementMap":{"0":{"start":{"line":23,"column":26},"end":{"line":23,"column":null}},"1":{"start":{"line":25,"column":2},"end":{"line":54,"column":null}},"2":{"start":{"line":26,"column":4},"end":{"line":26,"column":null}},"3":{"start":{"line":28,"column":4},"end":{"line":53,"column":null}},"4":{"start":{"line":30,"column":8},"end":{"line":34,"column":null}},"5":{"start":{"line":35,"column":8},"end":{"line":35,"column":null}},"6":{"start":{"line":38,"column":8},"end":{"line":42,"column":null}},"7":{"start":{"line":43,"column":8},"end":{"line":43,"column":null}},"8":{"start":{"line":46,"column":8},"end":{"line":46,"column":null}},"9":{"start":{"line":47,"column":8},"end":{"line":47,"column":null}},"10":{"start":{"line":50,"column":8},"end":{"line":50,"column":null}},"11":{"start":{"line":51,"column":8},"end":{"line":51,"column":null}},"12":{"start":{"line":56,"column":2},"end":{"line":61,"column":null}},"13":{"start":{"line":57,"column":4},"end":{"line":60,"column":null}},"14":{"start":{"line":63,"column":2},"end":{"line":63,"column":null}},"15":{"start":{"line":71,"column":2},"end":{"line":84,"column":null}},"16":{"start":{"line":77,"column":4},"end":{"line":83,"column":null}},"17":{"start":{"line":86,"column":2},"end":{"line":94,"column":null}},"18":{"start":{"line":87,"column":4},"end":{"line":93,"column":null}},"19":{"start":{"line":96,"column":2},"end":{"line":110,"column":null}},"20":{"start":{"line":102,"column":4},"end":{"line":109,"column":null}},"21":{"start":{"line":114,"column":2},"end":{"line":123,"column":null}},"22":{"start":{"line":115,"column":4},"end":{"line":122,"column":null}},"23":{"start":{"line":125,"column":2},"end":{"line":125,"column":null}},"24":{"start":{"line":133,"column":2},"end":{"line":135,"column":null}},"25":{"start":{"line":134,"column":4},"end":{"line":134,"column":null}},"26":{"start":{"line":137,"column":17},"end":{"line":137,"column":null}},"27":{"start":{"line":139,"column":2},"end":{"line":143,"column":null}},"28":{"start":{"line":140,"column":18},"end":{"line":140,"column":null}},"29":{"start":{"line":141,"column":4},"end":{"line":141,"column":null}},"30":{"start":{"line":142,"column":4},"end":{"line":142,"column":null}},"31":{"start":{"line":145,"column":2},"end":{"line":145,"column":null}},"32":{"start":{"line":146,"column":2},"end":{"line":146,"column":null}},"33":{"start":{"line":154,"column":2},"end":{"line":156,"column":null}},"34":{"start":{"line":155,"column":4},"end":{"line":155,"column":null}},"35":{"start":{"line":158,"column":17},"end":{"line":158,"column":null}},"36":{"start":{"line":160,"column":2},"end":{"line":169,"column":null}},"37":{"start":{"line":162,"column":6},"end":{"line":162,"column":null}},"38":{"start":{"line":163,"column":6},"end":{"line":163,"column":null}},"39":{"start":{"line":166,"column":6},"end":{"line":166,"column":null}},"40":{"start":{"line":167,"column":6},"end":{"line":167,"column":null}},"41":{"start":{"line":171,"column":2},"end":{"line":171,"column":null}},"42":{"start":{"line":175,"column":2},"end":{"line":177,"column":null}},"43":{"start":{"line":176,"column":4},"end":{"line":176,"column":null}},"44":{"start":{"line":179,"column":17},"end":{"line":179,"column":null}},"45":{"start":{"line":181,"column":2},"end":{"line":184,"column":null}},"46":{"start":{"line":182,"column":4},"end":{"line":182,"column":null}},"47":{"start":{"line":183,"column":4},"end":{"line":183,"column":null}},"48":{"start":{"line":186,"column":2},"end":{"line":186,"column":null}},"49":{"start":{"line":187,"column":2},"end":{"line":187,"column":null}},"50":{"start":{"line":195,"column":17},"end":{"line":195,"column":null}},"51":{"start":{"line":197,"column":2},"end":{"line":205,"column":null}},"52":{"start":{"line":198,"column":4},"end":{"line":204,"column":null}},"53":{"start":{"line":209,"column":17},"end":{"line":209,"column":null}},"54":{"start":{"line":211,"column":4},"end":{"line":213,"column":null}},"55":{"start":{"line":215,"column":2},"end":{"line":223,"column":null}},"56":{"start":{"line":216,"column":4},"end":{"line":222,"column":null}},"57":{"start":{"line":225,"column":2},"end":{"line":225,"column":null}},"58":{"start":{"line":232,"column":17},"end":{"line":232,"column":null}},"59":{"start":{"line":234,"column":2},"end":{"line":237,"column":null}},"60":{"start":{"line":235,"column":18},"end":{"line":235,"column":null}},"61":{"start":{"line":236,"column":4},"end":{"line":236,"column":null}},"62":{"start":{"line":239,"column":2},"end":{"line":247,"column":null}},"63":{"start":{"line":240,"column":4},"end":{"line":246,"column":null}},"64":{"start":{"line":249,"column":2},"end":{"line":249,"column":null}},"65":{"start":{"line":253,"column":19},"end":{"line":253,"column":null}},"66":{"start":{"line":255,"column":2},"end":{"line":263,"column":null}},"67":{"start":{"line":256,"column":4},"end":{"line":262,"column":null}},"68":{"start":{"line":265,"column":27},"end":{"line":265,"column":null}},"69":{"start":{"line":267,"column":2},"end":{"line":309,"column":null}},"70":{"start":{"line":268,"column":4},"end":{"line":283,"column":null}},"71":{"start":{"line":269,"column":20},"end":{"line":269,"column":null}},"72":{"start":{"line":271,"column":6},"end":{"line":279,"column":null}},"73":{"start":{"line":272,"column":8},"end":{"line":278,"column":null}},"74":{"start":{"line":281,"column":6},"end":{"line":281,"column":null}},"75":{"start":{"line":282,"column":6},"end":{"line":282,"column":null}},"76":{"start":{"line":285,"column":4},"end":{"line":300,"column":null}},"77":{"start":{"line":286,"column":20},"end":{"line":286,"column":null}},"78":{"start":{"line":288,"column":6},"end":{"line":296,"column":null}},"79":{"start":{"line":289,"column":8},"end":{"line":295,"column":null}},"80":{"start":{"line":298,"column":6},"end":{"line":298,"column":null}},"81":{"start":{"line":299,"column":6},"end":{"line":299,"column":null}},"82":{"start":{"line":302,"column":4},"end":{"line":308,"column":null}},"83":{"start":{"line":311,"column":2},"end":{"line":313,"column":null}},"84":{"start":{"line":312,"column":4},"end":{"line":312,"column":null}},"85":{"start":{"line":315,"column":2},"end":{"line":323,"column":null}},"86":{"start":{"line":316,"column":4},"end":{"line":322,"column":null}},"87":{"start":{"line":325,"column":2},"end":{"line":325,"column":null}},"88":{"start":{"line":329,"column":2},"end":{"line":331,"column":null}},"89":{"start":{"line":330,"column":4},"end":{"line":330,"column":null}},"90":{"start":{"line":333,"column":2},"end":{"line":341,"column":null}},"91":{"start":{"line":334,"column":4},"end":{"line":340,"column":null}},"92":{"start":{"line":343,"column":2},"end":{"line":346,"column":null}},"93":{"start":{"line":346,"column":22},"end":{"line":346,"column":73}},"94":{"start":{"line":355,"column":2},"end":{"line":357,"column":null}},"95":{"start":{"line":356,"column":4},"end":{"line":356,"column":null}},"96":{"start":{"line":359,"column":16},"end":{"line":359,"column":null}},"97":{"start":{"line":361,"column":2},"end":{"line":374,"column":null}},"98":{"start":{"line":367,"column":4},"end":{"line":373,"column":null}},"99":{"start":{"line":376,"column":2},"end":{"line":376,"column":null}},"100":{"start":{"line":380,"column":2},"end":{"line":380,"column":null}},"101":{"start":{"line":384,"column":2},"end":{"line":384,"column":null}},"102":{"start":{"line":388,"column":2},"end":{"line":390,"column":null}},"103":{"start":{"line":389,"column":4},"end":{"line":389,"column":null}},"104":{"start":{"line":392,"column":2},"end":{"line":400,"column":null}},"105":{"start":{"line":393,"column":4},"end":{"line":398,"column":null}},"106":{"start":{"line":396,"column":27},"end":{"line":396,"column":null}},"107":{"start":{"line":397,"column":8},"end":{"line":397,"column":null}},"108":{"start":{"line":402,"column":2},"end":{"line":418,"column":null}},"109":{"start":{"line":403,"column":21},"end":{"line":403,"column":null}},"110":{"start":{"line":404,"column":22},"end":{"line":404,"column":null}},"111":{"start":{"line":405,"column":4},"end":{"line":416,"column":null}},"112":{"start":{"line":408,"column":26},"end":{"line":408,"column":null}},"113":{"start":{"line":409,"column":27},"end":{"line":409,"column":null}},"114":{"start":{"line":410,"column":8},"end":{"line":414,"column":null}},"115":{"start":{"line":420,"column":2},"end":{"line":420,"column":null}}},"fnMap":{"0":{"name":"applyJsonPatch","decl":{"start":{"line":19,"column":16},"end":{"line":19,"column":null}},"loc":{"start":{"line":22,"column":14},"end":{"line":64,"column":null}},"line":22},"1":{"name":"validatePatchOperation","decl":{"start":{"line":66,"column":9},"end":{"line":66,"column":null}},"loc":{"start":{"line":70,"column":2},"end":{"line":111,"column":null}},"line":70},"2":{"name":"getPatchValue","decl":{"start":{"line":113,"column":9},"end":{"line":113,"column":23}},"loc":{"start":{"line":113,"column":65},"end":{"line":126,"column":null}},"line":113},"3":{"name":"addValue","decl":{"start":{"line":128,"column":9},"end":{"line":128,"column":null}},"loc":{"start":{"line":132,"column":13},"end":{"line":147,"column":null}},"line":132},"4":{"name":"replaceValue","decl":{"start":{"line":149,"column":9},"end":{"line":149,"column":null}},"loc":{"start":{"line":153,"column":13},"end":{"line":172,"column":null}},"line":153},"5":{"name":"removeValue","decl":{"start":{"line":174,"column":9},"end":{"line":174,"column":21}},"loc":{"start":{"line":174,"column":66},"end":{"line":188,"column":null}},"line":174},"6":{"name":"testValue","decl":{"start":{"line":190,"column":9},"end":{"line":190,"column":null}},"loc":{"start":{"line":194,"column":8},"end":{"line":206,"column":null}},"line":194},"7":{"name":"getExistingValue","decl":{"start":{"line":208,"column":9},"end":{"line":208,"column":26}},"loc":{"start":{"line":208,"column":71},"end":{"line":226,"column":null}},"line":208},"8":{"name":"resolveExistingTarget","decl":{"start":{"line":228,"column":9},"end":{"line":228,"column":null}},"loc":{"start":{"line":231,"column":18},"end":{"line":250,"column":null}},"line":231},"9":{"name":"resolveParent","decl":{"start":{"line":252,"column":9},"end":{"line":252,"column":23}},"loc":{"start":{"line":252,"column":71},"end":{"line":326,"column":null}},"line":252},"10":{"name":"parsePointer","decl":{"start":{"line":328,"column":9},"end":{"line":328,"column":22}},"loc":{"start":{"line":328,"column":49},"end":{"line":347,"column":null}},"line":328},"11":{"name":"(anonymous_11)","decl":{"start":{"line":346,"column":9},"end":{"line":346,"column":10}},"loc":{"start":{"line":346,"column":22},"end":{"line":346,"column":73}},"line":346},"12":{"name":"parseArrayIndex","decl":{"start":{"line":349,"column":9},"end":{"line":349,"column":null}},"loc":{"start":{"line":354,"column":10},"end":{"line":377,"column":null}},"line":354},"13":{"name":"isJsonObject","decl":{"start":{"line":379,"column":9},"end":{"line":379,"column":22}},"loc":{"start":{"line":379,"column":61},"end":{"line":381,"column":null}},"line":379},"14":{"name":"cloneJson","decl":{"start":{"line":383,"column":9},"end":{"line":383,"column":45}},"loc":{"start":{"line":383,"column":68},"end":{"line":385,"column":null}},"line":383},"15":{"name":"jsonEqual","decl":{"start":{"line":387,"column":9},"end":{"line":387,"column":19}},"loc":{"start":{"line":387,"column":63},"end":{"line":421,"column":null}},"line":387},"16":{"name":"(anonymous_16)","decl":{"start":{"line":395,"column":17},"end":{"line":395,"column":18}},"loc":{"start":{"line":395,"column":35},"end":{"line":398,"column":7}},"line":395},"17":{"name":"(anonymous_17)","decl":{"start":{"line":407,"column":21},"end":{"line":407,"column":22}},"loc":{"start":{"line":407,"column":30},"end":{"line":416,"column":7}},"line":407}},"branchMap":{"0":{"loc":{"start":{"line":28,"column":4},"end":{"line":53,"column":null}},"type":"switch","locations":[{"start":{"line":29,"column":6},"end":{"line":36,"column":null}},{"start":{"line":37,"column":6},"end":{"line":44,"column":null}},{"start":{"line":45,"column":6},"end":{"line":48,"column":null}},{"start":{"line":49,"column":6},"end":{"line":52,"column":null}}],"line":28},"1":{"loc":{"start":{"line":56,"column":2}
[...]
{"line":125,"column":2},"end":{"line":125,"column":null}},"12":{"start":{"line":126,"column":2},"end":{"line":126,"column":null}},"13":{"start":{"line":127,"column":2},"end":{"line":127,"column":null}},"14":{"start":{"line":128,"column":2},"end":{"line":128,"column":null}},"15":{"start":{"line":129,"column":2},"end":{"line":129,"column":null}},"16":{"start":{"line":130,"column":2},"end":{"line":130,"column":null}},"17":{"start":{"line":131,"column":2},"end":{"line":131,"column":null}},"18":{"start":{"line":132,"column":2},"end":{"line":132,"column":null}},"19":{"start":{"line":133,"column":2},"end":{"line":133,"column":null}},"20":{"start":{"line":134,"column":2},"end":{"line":134,"column":null}},"21":{"start":{"line":135,"column":2},"end":{"line":135,"column":null}},"22":{"start":{"line":136,"column":2},"end":{"line":136,"column":null}},"23":{"start":{"line":137,"column":2},"end":{"line":137,"column":null}},"24":{"start":{"line":138,"column":2},"end":{"line":138,"column":null}},"25":{"start":{"line":139,"column":2},"end":{"line":139,"column":null}},"26":{"start":{"line":140,"column":2},"end":{"line":144,"column":null}},"27":{"start":{"line":148,"column":2},"end":{"line":148,"column":null}},"28":{"start":{"line":149,"column":2},"end":{"line":149,"column":null}},"29":{"start":{"line":150,"column":2},"end":{"line":150,"column":null}},"30":{"start":{"line":151,"column":2},"end":{"line":151,"column":null}},"31":{"start":{"line":152,"column":2},"end":{"line":152,"column":null}},"32":{"start":{"line":153,"column":2},"end":{"line":153,"column":null}},"33":{"start":{"line":154,"column":2},"end":{"line":154,"column":null}},"34":{"start":{"line":155,"column":2},"end":{"line":155,"column":null}},"35":{"start":{"line":156,"column":2},"end":{"line":156,"column":null}},"36":{"start":{"line":157,"column":2},"end":{"line":157,"column":null}},"37":{"start":{"line":158,"column":2},"end":{"line":158,"column":null}}},"fnMap":{"0":{"name":"up","decl":{"start":{"line":5,"column":22},"end":{"line":5,"column":25}},"loc":{"start":{"line":5,"column":62},"end":{"line":145,"column":null}},"line":5},"1":{"name":"down","decl":{"start":{"line":147,"column":22},"end":{"line":147,"column":27}},"loc":{"start":{"line":147,"column":64},"end":{"line":159,"column":null}},"line":147}},"branchMap":{},"s":{"0":21,"1":21,"2":21,"3":21,"4":21,"5":21,"6":21,"7":21,"8":21,"9":21,"10":21,"11":21,"12":21,"13":21,"14":21,"15":21,"16":21,"17":21,"18":21,"19":21,"20":21,"21":21,"22":21,"23":21,"24":21,"25":21,"26":21,"27":0,"28":0,"29":0,"30":0,"31":0,"32":0,"33":0,"34":0,"35":0,"36":0,"37":0},"f":{"0":21,"1":0},"b":{},"meta":{"lastBranch":0,"lastFunction":2,"lastStatement":38,"seen":{"f:5:22:5:25":0,"s:6:2:11:Infinity":0,"s:12:2:20:Infinity":1,"s:21:2:29:Infinity":2,"s:30:2:39:Infinity":3,"s:40:2:51:Infinity":4,"s:52:2:64:Infinity":5,"s:65:2:74:Infinity":6,"s:75:2:84:Infinity":7,"s:85:2:97:Infinity":8,"s:98:2:107:Infinity":9,"s:108:2:123:Infinity":10,"s:125:2:125:Infinity":11,"s:126:2:126:Infinity":12,"s:127:2:127:Infinity":13,"s:128:2:128:Infinity":14,"s:129:2:129:Infinity":15,"s:130:2:130:Infinity":16,"s:131:2:131:Infinity":17,"s:132:2:132:Infinity":18,"s:133:2:133:Infinity":19,"s:134:2:134:Infinity":20,"s:135:2:135:Infinity":21,"s:136:2:136:Infinity":22,"s:137:2:137:Infinity":23,"s:138:2:138:Infinity":24,"s:139:2:139:Infinity":25,"s:140:2:144:Infinity":26,"f:147:22:147:27":1,"s:148:2:148:Infinity":27,"s:149:2:149:Infinity":28,"s:150:2:150:Infinity":29,"s:151:2:151:Infinity":30,"s:152:2:152:Infinity":31,"s:153:2:153:Infinity":32,"s:154:2:154:Infinity":33,"s:155:2:155:Infinity":34,"s:156:2:156:Infinity":35,"s:157:2:157:Infinity":36,"s:158:2:158:Infinity":37}}}
,"/home/hechang27/Documents/sprt/uni-admin/server/util/db.ts": {"path":"/home/hechang27/Documents/sprt/uni-admin/server/util/db.ts","statementMap":{"0":{"start":{"line":35,"column":19},"end":{"line":35,"column":null}},"1":{"start":{"line":37,"column":2},"end":{"line":37,"column":null}},"2":{"start":{"line":63,"column":17},"end":{"line":63,"column":null}},"3":{"start":{"line":65,"column":4},"end":{"line":65,"column":null}},"4":{"start":{"line":66,"column":44},"end":{"line":66,"column":null}},"5":{"start":{"line":67,"column":15},"end":{"line":69,"column":null}},"6":{"start":{"line":69,"column":41},"end":{"line":69,"column":57}},"7":{"start":{"line":71,"column":2},"end":{"line":86,"column":null}},"8":{"start":{"line":72,"column":4},"end":{"line":72,"column":null}},"9":{"start":{"line":75,"column":4},"end":{"line":78,"column":null}},"10":{"start":{"line":76,"column":6},"end":{"line":76,"column":null}},"11":{"start":{"line":77,"column":6},"end":{"line":77,"column":null}},"12":{"start":{"line":80,"column":4},"end":{"line":85,"column":null}},"13":{"start":{"line":81,"column":6},"end":{"line":81,"column":null}},"14":{"start":{"line":82,"column":6},"end":{"line":84,"column":null}},"15":{"start":{"line":83,"column":8},"end":{"line":83,"column":null}},"16":{"start":{"line":88,"column":2},"end":{"line":88,"column":null}},"17":{"start":{"line":92,"column":2},"end":{"line":95,"column":null}},"18":{"start":{"line":94,"column":4},"end":{"line":94,"column":null}},"19":{"start":{"line":97,"column":2},"end":{"line":97,"column":null}}},"fnMap":{"0":{"name":"getPrefixedKey","decl":{"start":{"line":31,"column":9},"end":{"line":31,"column":null}},"loc":{"start":{"line":34,"column":29},"end":{"line":38,"column":null}},"line":34},"1":{"name":"pivotToColumns","decl":{"start":{"line":58,"column":16},"end":{"line":58,"column":null}},"loc":{"start":{"line":62,"column":29},"end":{"line":89,"column":null}},"line":62},"2":{"name":"(anonymous_2)","decl":{"start":{"line":69,"column":32},"end":{"line":69,"column":33}},"loc":{"start":{"line":69,"column":41},"end":{"line":69,"column":57}},"line":69},"3":{"name":"undefinedToNull","decl":{"start":{"line":91,"column":9},"end":{"line":91,"column":28}},"loc":{"start":{"line":91,"column":58},"end":{"line":98,"column":null}},"line":91}},"branchMap":{"0":{"loc":{"start":{"line":63,"column":17},"end":{"line":63,"column":null}},"type":"cond-expr","locations":[{"start":{"line":63,"column":54},"end":{"line":63,"column":66}},{"start":{"line":63,"column":66},"end":{"line":63,"column":null}}],"line":63},"1":{"loc":{"start":{"line":65,"column":4},"end":{"line":65,"column":null}},"type":"cond-expr","locations":[{"start":{"line":65,"column":41},"end":{"line":65,"column":58}},{"start":{"line":65,"column":58},"end":{"line":65,"column":null}}],"line":65},"2":{"loc":{"start":{"line":67,"column":15},"end":{"line":69,"column":null}},"type":"cond-expr","locations":[{"start":{"line":68,"column":6},"end":{"line":68,"column":null}},{"start":{"line":69,"column":6},"end":{"line":69,"column":null}}],"line":67},"3":{"loc":{"start":{"line":75,"column":4},"end":{"line":78,"column":null}},"type":"if","locations":[{"start":{"line":75,"column":4},"end":{"line":78,"column":null}},{"start":{},"end":{}}],"line":75},"4":{"loc":{"start":{"line":82,"column":6},"end":{"line":84,"column":null}},"type":"if","locations":[{"start":{"line":82,"column":6},"end":{"line":84,"column":null}},{"start":{},"end":{}}],"line":82},"5":{"loc":{"start":{"line":92,"column":2},"end":{"line":95,"column":null}},"type":"if","locations":[{"start":{"line":92,"column":2},"end":{"line":95,"column":null}},{"start":{},"end":{}}],"line":92}},"s":{"0":112,"1":112,"2":64,"3":64,"4":64,"5":64,"6":53,"7":64,"8":269,"9":269,"10":112,"11":112,"12":269,"13":386,"14":386,"15":152,"16":64,"17":386,"18":136,"19":250},"f":{"0":112,"1":64,"2":53,"3":386},"b":{"0":[0,64],"1":[0,64],"2":[38,26],"3":[112,157],"4":[152,234],"5":[136,250]},"meta":{"lastBranch":6,"lastFunction":4,"lastStatement":20,"seen":{"f:31:9:31:Infinity":0,"s:35:19:35:Infinity":0,"s:37:2:37:Infinity":1,"f:58:16:58:Infinity":1,"s:63:17:63:Infinity":2,"b:63:54:63:66:63:66:63:Infinity":0,"s:65:4:65:Infinity":3,"b:65:41:65:58:65:58:65:Infinity":1,"s:66:44:66:Infinity":4,"s:67:15:69:Infinity":5,"b:68:6:68:Infinity:69:6:69:Infinity":2,"f:69:32:69:33":2,"s:69:41:69:57":6,"s:71:2:86:Infinity":7,"s:72:4:72:Infinity":8,"b:75:4:78:Infinity:undefined:undefined:undefined:undefined":3,"s:75:4:78:Infinity":9,"s:76:6:76:Infinity":10,"s:77:6:77:Infinity":11,"s:80:4:85:Infinity":12,"s:81:6:81:Infinity":13,"b:82:6:84:Infinity:undefined:undefined:undefined:undefined":4,"s:82:6:84:Infinity":14,"s:83:8:83:Infinity":15,"s:88:2:88:Infinity":16,"f:91:9:91:28":3,"b:92:2:95:Infinity:undefined:undefined:undefined:undefined":5,"s:92:2:95:Infinity":17,"s:94:4:94:Infinity":18,"s:97:2:97:Infinity":19}}}
,"/home/hechang27/Documents/sprt/uni-admin/server/util/kysely.ts": {"path":"/home/hechang27/Documents/sprt/uni-admin/server/util/kysely.ts","statementMap":{"0":{"start":{"line":15,"column":18},"end":{"line":28,"column":null}},"1":{"start":{"line":21,"column":4},"end":{"line":26,"column":null}},"2":{"start":{"line":22,"column":6},"end":{"line":25,"column":null}},"3":{"start":{"line":31,"column":2},"end":{"line":42,"column":null}},"4":{"start":{"line":35,"column":6},"end":{"line":40,"column":null}},"5":{"start":{"line":36,"column":8},"end":{"line":39,"column":null}}},"fnMap":{"0":{"name":"(anonymous_0)","decl":{"start":{"line":20,"column":2},"end":{"line":20,"column":6}},"loc":{"start":{"line":20,"column":13},"end":{"line":27,"column":null}},"line":20},"1":{"name":"createInMemoryDb","decl":{"start":{"line":30,"column":16},"end":{"line":30,"column":51}},"loc":{"start":{"line":30,"column":51},"end":{"line":43,"column":null}},"line":30},"2":{"name":"(anonymous_2)","decl":{"start":{"line":34,"column":4},"end":{"line":34,"column":8}},"loc":{"start":{"line":34,"column":15},"end":{"line":41,"column":null}},"line":34}},"branchMap":{"0":{"loc":{"start":{"line":21,"column":4},"end":{"line":26,"column":null}},"type":"if","locations":[{"start":{"line":21,"column":4},"end":{"line":26,"column":null}},{"start":{},"end":{}}],"line":21},"1":{"loc":{"start":{"line":35,"column":6},"end":{"line":40,"column":null}},"type":"if","locations":[{"start":{"line":35,"column":6},"end":{"line":40,"column":null}},{"start":{},"end":{}}],"line":35}},"s":{"0":2,"1":0,"2":0,"3":2,"4":1072,"5":0},"f":{"0":0,"1":2,"2":1072},"b":{"0":[0,0],"1":[0,1072]},"meta":{"lastBranch":2,"lastFunction":3,"lastStatement":6,"seen":{"s:15:18:28:Infinity":0,"f:20:2:20:6":0,"b:21:4:26:Infinity:undefined:undefined:undefined:undefined":0,"s:21:4:26:Infinity":1,"s:22:6:25:Infinity":2,"f:30:16:30:51":1,"s:31:2:42:Infinity":3,"f:34:4:34:8":2,"b:35:6:40:Infinity:undefined:undefined:undefined:undefined":1,"s:35:6:40:Infinity":4,"s:36:8:39:Infinity":5}}}
,"/home/hechang27/Documents/sprt/uni-admin/test/unit/server/fixtures/service.ts": {"path":"/home/hechang27/Documents/sprt/uni-admin/test/unit/server/fixtures/service.ts","statementMap":{"0":{"start":{"line":11,"column":23},"end":{"line":11,"column":null}},"1":{"start":{"line":12,"column":23},"end":{"line":12,"column":null}},"2":{"start":{"line":14,"column":19},"end":{"line":26,"column":null}},"3":{"start":{"line":30,"column":25},"end":{"line":40,"column":null}},"4":{"start":{"line":44,"column":6},"end":{"line":57,"column":null}},"5":{"start":{"line":46,"column":27},"end":{"line":46,"column":null}},"6":{"start":{"line":47,"column":24},"end":{"line":56,"column":null}},"7":{"start":{"line":60,"column":8},"end":{"line":66,"column":null}},"8":{"start":{"line":68,"column":2},"end":{"line":71,"column":null}},"9":{"start":{"line":95,"column":36},"end":{"line":101,"column":null}},"10":{"start":{"line":102,"column":36},"end":{"line":102,"column":null}},"11":{"start":{"line":103,"column":21},"end":{"line":115,"column":null}},"12":{"start":{"line":125,"column":6},"end":{"line":192,"column":null}},"13":{"start":{"line":129,"column":30},"end":{"line":129,"column":null}},"14":{"start":{"line":133,"column":6},"end":{"line":133,"column":null}},"15":{"start":{"line":134,"column":18},"end":{"line":134,"column":null}},"16":{"start":{"line":135,"column":6},"end":{"line":138,"column":null}},"17":{"start":{"line":141,"column":6},"end":{"line":141,"column":null}},"18":{"start":{"line":142,"column":6},"end":{"line":148,"column":null}},"19":{"start":{"line":145,"column":24},"end":{"line":145,"column":42}},"20":{"start":{"line":151,"column":6},"end":{"line":151,"column":null}},"21":{"start":{"line":152,"column":6},"end":{"line":154,"column":null}},"22":{"start":{"line":153,"column":8},"end":{"line":153,"column":null}},"23":{"start":{"line":155,"column":6},"end":{"line":155,"column":null}},"24":{"start":{"line":156,"column":6},"end":{"line":159,"column":null}},"25":{"start":{"line":162,"column":6},"end":{"line":162,"column":null}},"26":{"start":{"line":163,"column":6},"end":{"line":165,"column":null}},"27":{"start":{"line":164,"column":8},"end":{"line":164,"column":null}},"28":{"start":{"line":166,"column":23},"end":{"line":166,"column":null}},"29":{"start":{"line":167,"column":6},"end":{"line":169,"column":null}},"30":{"start":{"line":168,"column":8},"end":{"line":168,"column":null}},"31":{"start":{"line":170,"column":22},"end":{"line":170,"column":null}},"32":{"start":{"line":171,"column":6},"end":{"line":173,"column":null}},"33":{"start":{"line":172,"column":8},"end":{"line":172,"column":null}},"34":{"start":{"line":174,"column":22},"end":{"line":178,"column":null}},"35":{"start":{"line":179,"column":6},"end":{"line":179,"column":null}},"36":{"start":{"line":180,"column":6},"end":{"line":183,"column":null}},"37":{"start":{"line":186,"column":6},"end":{"line":186,"column":null}},"38":{"start":{"line":187,"column":6},"end":{"line":189,"column":null}},"39":{"start":{"line":188,"column":8},"end":{"line":188,"column":null}},"40":{"start":{"line":190,"column":6},"end":{"line":190,"column":null}},"41":{"start":{"line":194,"column":8},"end":{"line":201,"column":null}},"42":{"start":{"line":203,"column":2},"end":{"line":209,"column":null}},"43":{"start":{"line":207,"column":6},"end":{"line":207,"column":null}}},"fnMap":{"0":{"name":"(anonymous_0)","decl":{"start":{"line":46,"column":15},"end":{"line":46,"column":16}},"loc":{"start":{"line":46,"column":27},"end":{"line":46,"column":null}},"line":46},"1":{"name":"(anonymous_1)","decl":{"start":{"line":47,"column":11},"end":{"line":47,"column":12}},"loc":{"start":{"line":47,"column":24},"end":{"line":56,"column":null}},"line":47},"2":{"name":"createService","decl":{"start":{"line":59,"column":16},"end":{"line":59,"column":30}},"loc":{"start":{"line":59,"column":79},"end":{"line":72,"column":null}},"line":59},"3":{"name":"createRemoteService","decl":{"start":{"line":90,"column":16},"end":{"line":90,"column":36}},"loc":{"start":{"line":94,"column":2},"end":{"line":210,"column":null}},"line":94},"4":{"name":"(anonymous_4)","decl":{"start":{"line":129,"column":19},"end":{"line":129,"column":20}},"loc":{"start":{"line":129,"column":30},"end":{"line":129,"column":null}},"line":129},"5":{"name":"(anonymous_5)","decl":{"start":{"line":132,"column":10},"end":{"line":132,"column":18}},"loc":{"start":{"line":132,"column":25},"end":{"line":139,"column":null}},"line":132},"6":{"name":"(anonymous_6)","decl":{"start":{"line":140,"column":10},"end":{"line":140,"column":21}},"loc":{"start":{"line":140,"column":21},"end":{"line":149,"column":null}},"line":140},"7":{"name":"(anonymous_7)","decl":{"start":{"line":145,"column":15},"end":{"line":145,"column":16}},"loc":{"start":{"line":145,"column":24},"end":{"line":145,"column":42}},"line":145},"8":{"name":"(anonymous_8)","decl":{"start":{"line":150,"column":10},"end":{"line":150,"column":23}},"loc":{"start":{"line":150,"column":30},"end":{"line":160,"column":null}},"line":150},"9":{"name":"(anonymous_9)","decl":{"start":{"line":161,"column":10},"end":{"line":161,"column":23}},"loc":{"start":{"line":161,"column":39},"end":{"line":184,"column":null}},"line":161},"10":{"name":"(anonymous_10)","decl":{"start":{"line":185,"column":10},"end":{"line":185,"column":25}},"loc":{"start":{"line":185,"column":25},"end":{"line":191,"column":null}},"line":185},"11":{"name":"(anonymous_11)","decl":{"start":{"line":206,"column":22},"end":{"line":206,"column":23}},"loc":{"start":{"line":206,"column":35},"end":{"line":208,"column":null}},"line":206}},"branchMap":{"0":{"loc":{"start":{"line":136,"column":20},"end":{"line":136,"column":null}},"type":"cond-expr","locations":[{"start":{"line":136,"column":26},"end":{"line":136,"column":47}},{"start":{"line":136,"column":47},"end":{"line":136,"column":null}}],"line":136},"1":{"loc":{"start":{"line":152,"column":6},"end":{"line":154,"column":null}},"type":"if","locations":[{"start":{"line":152,"column":6},"end":{"line":154,"column":null}},{"start":{},"end":{}}],"line":152},"2":{"loc":{"start":{"line":163,"column":6},"end":{"line":165,"column":null}},"type":"if","locations":[{"start":{"line":163,"column":6},"end":{"line":165,"column":null}},{"start":{},"end":{}}],"line":163},"3":{"loc":{"start":{"line":166,"column":23},"end":{"line":166,"column":null}},"type":"binary-expr","locations":[{"start":{"line":166,"column":23},"end":{"line":166,"column":51}},{"start":{"line":166,"column":51},"end":{"line":166,"column":null}}],"line":166},"4":{"loc":{"start":{"line":167,"column":6},"end":{"line":169,"column":null}},"type":"if","locations":[{"start":{"line":167,"column":6},"end":{"line":169,"column":null}},{"start":{},"end":{}}],"line":167},"5":{"loc":{"start":{"line":171,"column":6},"end":{"line":173,"column":null}},"type":"if","locations":[{"start":{"line":171,"column":6},"end":{"line":173,"column":null}},{"start":{},"end":{}}],"line":171},"6":{"loc":{"start":{"line":187,"column":6},"end":{"line":189,"column":null}},"type":"if","locations":[{"start":{"line":187,"column":6},"end":{"line":189,"column":null}},{"start":{},"end":{}}],"line":187}},"s":{"0":2,"1":2,"2":2,"3":2,"4":2,"5":5,"6":5,"7":9,"8":9,"9":3,"10":3,"11":3,"12":3,"13":0,"14":2,"15":2,"16":2,"17":1,"18":1,"19":1,"20":2,"21":2,"22":1,"23":1,"24":1,"25":2,"26":2,"27":1,"28":1,"29":2,"30":0,"31":1,"32":1,"33":0,"34":1,"35":1,"36":1,"37":0,"38":0,"39":0,"40":0,"41":3,"42":3,"43":2},"f":{"0":5,"1":5,"2":9,"3":3,"4":0,"5":2,"6":1,"7":1,"8":2,"9":2,"10":0,"11":2},"b":{"0":[2,0],"1":[1,1],"2":[1,1],"3":[1,0],"4":[0,2],"5":[0,1],"6":[0,0]},"meta":{"lastBranch":7,"lastFunction":12,"lastStatement":44,"seen":{"s:11:23:11:Infinity":0,"s:12:23:12:Infinity":1,"s:14:19:26:Infinity":2,"s:30:25:40:Infinity":3,"s:44:6:57:Infinity":4,"f:46:15:46:16":0,"s:46:27:46:Infinity":5,"f:47:11:47:12":1,"s:47:24:56:Infinity":6,"f:59:16:59:30":2,"s:60:8:66:Infinity":7,"s:68:2:71:Infinity":8,"f:90:16:90:36":3,"s:95:36:101:Infinity":9,"s:102:36:102:Infinity":10,"s:103:21:115:Infinity":11,"s:125:6:192:Infinity":12,"f:129:19:129:20":4,"s:129:30:129:Infinity":13,"f:132:10:132:18":5,"s:133:6:133:Infinity":14,"s:134:18:134:Infinity":15,"s:135:6:138:Infinity":16,"b:136:26:136:47:136:47:136:Infinity":0,"f:140:10:140:21":6,"s:141:6:141:Infinity":17,"s:142:6:148:Infinity":18,"f:145:15:145:16":7,"s:145:24:145:42":19,"f:150:10:150:23":8,"s:151:6:151:Infinity":20,"b:152:6:154:Infinity:undefined:undefined:undefined:undefined":1,"s:152:6:154:Infinity":21,"s:153:8:153:Infinity":22,"s:155:6:155:Infinity":23,"s:156:6:159:Infinity":24,"f:161:10:161:23":9,"s:162:6:162:Infinity":25,"b:163:6:165:Infinity:undefined:undefined:undefined:undefined":2,"s:163:6:165:Infinity":26,"s:164:8:164:Infinity":27,"s:166:23:166:Infinity":28,"b:166:23:166:51:166:51:166:Infinity":3,"b:167:6:169:Infinity:undefined:undefined:undefined:undefined":4,"s:167:6:169:Infinity":29,"s:168:8:168:Infinity":30,"s:170:22:170:Infinity":31,"b:171:6:173:Infinity:undefined:undefined:undefined:undefined":5,"s:171:6:173:Infinity":32,"s:172:8:172:Infinity":33,"s:174:22:178:Infinity":34,"s:179:6:179:Infinity":35,"s:180:6:183:Infinity":36,"f:185:10:185:25":10,"s:186:6:186:Infinity":37,"b:187:6:189:Infinity:undefined:undefined:undefined:undefined":6,"s:187:6:189:Infinity":38,"s:188:8:188:Infinity":39,"s:190:6:190:Infinity":40,"s:194:8:201:Infinity":41,"s:203:2:209:Infinity":42,"f:206:22:206:23":11,"s:207:6:207:Infinity":43}}}
}
